---------------------------------------------------------------
[ 2020-02-12T11:19:39+08:00 ] 192.168.98.1 GET 192.168.98.10/
[运行时间：0.555713s] [吞吐率：1.80req/s] [内存消耗：2,880.68kb] [文件加载：123]
[ info ] [ BEHAVIOR ] Run Closure @app_init [ RunTime:0.014446s ]
[ info ] [ CACHE ] INIT File
[ info ] [ BEHAVIOR ] Run \addons\cms\Cms @app_init [ RunTime:0.026047s ]
[ info ] [ BEHAVIOR ] Run Closure @app_init [ RunTime:0.026072s ]
[ info ] [ LANG ] /home/www/wwwroot/www.fa.com/thinkphp/lang/zh-cn.php
[ info ] [ ROUTE ] array (
  'type' => 'module',
  'module' => 
  array (
    0 => '',
    1 => NULL,
    2 => NULL,
  ),
)
[ info ] [ HEADER ] array (
  'cookie' => 'serverType=nginx; order=id%20desc; memRealUsed=458; mem-before=458/1819%20%28MB%29; memSize=1819; conterError=; one=0; five=0.01; fifteen=0.05; upNet=0.39; downNet=0.63',
  'accept-language' => 'en-US,en;q=0.9,zh-CN;q=0.8,zh;q=0.7',
  'accept-encoding' => 'gzip, deflate',
  'accept' => 'text/html,application/xhtml+xml,application/xml;q=0.9,image/webp,image/apng,*/*;q=0.8',
  'upgrade-insecure-requests' => '1',
  'user-agent' => 'Mozilla/5.0 (Windows NT 10.0; WOW64) AppleWebKit/537.36 (KHTML, like Gecko) Chrome/64.0.3269.3 Safari/537.36',
  'connection' => 'keep-alive',
  'host' => '192.168.98.10',
  'content-type' => '',
  'content-length' => '',
)
[ info ] [ PARAM ] array (
)
[ info ] [ LANG ] /home/www/wwwroot/www.fa.com/public/../application/index/lang/zh-cn.php
[ info ] [ BEHAVIOR ] Run app\common\behavior\Common @module_init [ RunTime:0.022013s ]
[ info ] [ LANG ] /home/www/wwwroot/www.fa.com/public/../application/index/lang/zh-cn/index.php
[ info ] [ RUN ] app\index\controller\Index->index[ /home/www/wwwroot/www.fa.com/application/index/controller/Index.php ]
[ info ] [ VIEW ] /home/www/wwwroot/www.fa.com/public/../application/index/view/index/index.html [ array (
  0 => 'user',
  1 => 'site',
  2 => 'config',
) ]
[ info ] [ BEHAVIOR ] Run \addons\cms\Cms @response_send [ RunTime:0.000221s ]
[ info ] [ LOG ] INIT File
---------------------------------------------------------------
[ 2020-02-12T11:19:40+08:00 ] 192.168.98.1 GET 192.168.98.10/favicon.ico
[运行时间：0.070690s] [吞吐率：14.15req/s] [内存消耗：2,216.93kb] [文件加载：112]
[ info ] [ BEHAVIOR ] Run Closure @app_init [ RunTime:0.000140s ]
[ info ] [ CACHE ] INIT File
[ info ] [ BEHAVIOR ] Run \addons\cms\Cms @app_init [ RunTime:0.001989s ]
[ info ] [ BEHAVIOR ] Run Closure @app_init [ RunTime:0.002020s ]
[ info ] [ LANG ] /home/www/wwwroot/www.fa.com/thinkphp/lang/zh-cn.php
[ info ] [ ROUTE ] array (
  'type' => 'module',
  'module' => 
  array (
    0 => 'favicon.ico',
    1 => NULL,
    2 => NULL,
  ),
)
[ info ] [ HEADER ] array (
  'cookie' => 'serverType=nginx; order=id%20desc; memRealUsed=458; mem-before=458/1819%20%28MB%29; memSize=1819; conterError=; one=0; five=0.01; fifteen=0.05; upNet=0.39; downNet=0.63',
  'accept-language' => 'en-US,en;q=0.9,zh-CN;q=0.8,zh;q=0.7',
  'accept-encoding' => 'gzip, deflate',
  'referer' => 'http://192.168.98.10/',
  'accept' => 'image/webp,image/apng,image/*,*/*;q=0.8',
  'user-agent' => 'Mozilla/5.0 (Windows NT 10.0; WOW64) AppleWebKit/537.36 (KHTML, like Gecko) Chrome/64.0.3269.3 Safari/537.36',
  'connection' => 'keep-alive',
  'host' => '192.168.98.10',
  'content-type' => '',
  'content-length' => '',
)
[ info ] [ PARAM ] array (
)
[ info ] [ BEHAVIOR ] Run \addons\cms\Cms @response_send [ RunTime:0.000113s ]
[ info ] [ LOG ] INIT File
---------------------------------------------------------------
[ 2020-02-12T11:19:40+08:00 ] 192.168.98.1 GET 192.168.98.10/favicon.ico
[运行时间：0.030178s] [吞吐率：33.14req/s] [内存消耗：2,216.96kb] [文件加载：112]
[ info ] [ BEHAVIOR ] Run Closure @app_init [ RunTime:0.000137s ]
[ info ] [ CACHE ] INIT File
[ info ] [ BEHAVIOR ] Run \addons\cms\Cms @app_init [ RunTime:0.004900s ]
[ info ] [ BEHAVIOR ] Run Closure @app_init [ RunTime:0.004931s ]
[ info ] [ LANG ] /home/www/wwwroot/www.fa.com/thinkphp/lang/zh-cn.php
[ info ] [ ROUTE ] array (
  'type' => 'module',
  'module' => 
  array (
    0 => '404',
    1 => NULL,
    2 => NULL,
  ),
)
[ info ] [ HEADER ] array (
  'cookie' => 'serverType=nginx; order=id%20desc; memRealUsed=458; mem-before=458/1819%20%28MB%29; memSize=1819; conterError=; one=0; five=0.01; fifteen=0.05; upNet=0.39; downNet=0.63',
  'accept-language' => 'en-US,en;q=0.9,zh-CN;q=0.8,zh;q=0.7',
  'accept-encoding' => 'gzip, deflate',
  'referer' => 'http://192.168.98.10/',
  'accept' => 'image/webp,image/apng,image/*,*/*;q=0.8',
  'user-agent' => 'Mozilla/5.0 (Windows NT 10.0; WOW64) AppleWebKit/537.36 (KHTML, like Gecko) Chrome/64.0.3269.3 Safari/537.36',
  'connection' => 'keep-alive',
  'host' => '192.168.98.10',
  'content-type' => '',
  'content-length' => '',
)
[ info ] [ PARAM ] array (
)
[ info ] [ BEHAVIOR ] Run \addons\cms\Cms @response_send [ RunTime:0.000166s ]
[ info ] [ LOG ] INIT File
---------------------------------------------------------------
[ 2020-02-12T11:35:35+08:00 ] 192.168.98.1 GET 192.168.98.10/
[运行时间：0.040892s] [吞吐率：24.45req/s] [内存消耗：2,880.69kb] [文件加载：123]
[ info ] [ BEHAVIOR ] Run Closure @app_init [ RunTime:0.000175s ]
[ info ] [ CACHE ] INIT File
[ info ] [ BEHAVIOR ] Run \addons\cms\Cms @app_init [ RunTime:0.001546s ]
[ info ] [ BEHAVIOR ] Run Closure @app_init [ RunTime:0.001570s ]
[ info ] [ LANG ] /home/www/wwwroot/www.fa.com/thinkphp/lang/zh-cn.php
[ info ] [ ROUTE ] array (
  'type' => 'module',
  'module' => 
  array (
    0 => '',
    1 => NULL,
    2 => NULL,
  ),
)
[ info ] [ HEADER ] array (
  'cookie' => 'serverType=nginx; order=id%20desc; memRealUsed=458; mem-before=458/1819%20%28MB%29; memSize=1819; conterError=; one=0; five=0.01; fifteen=0.05; upNet=0.39; downNet=0.63',
  'accept-language' => 'en-US,en;q=0.9,zh-CN;q=0.8,zh;q=0.7',
  'accept-encoding' => 'gzip, deflate',
  'accept' => 'text/html,application/xhtml+xml,application/xml;q=0.9,image/webp,image/apng,*/*;q=0.8',
  'upgrade-insecure-requests' => '1',
  'user-agent' => 'Mozilla/5.0 (Windows NT 10.0; WOW64) AppleWebKit/537.36 (KHTML, like Gecko) Chrome/64.0.3269.3 Safari/537.36',
  'connection' => 'keep-alive',
  'host' => '192.168.98.10',
  'content-type' => '',
  'content-length' => '',
)
[ info ] [ PARAM ] array (
)
[ info ] [ LANG ] /home/www/wwwroot/www.fa.com/public/../application/index/lang/zh-cn.php
[ info ] [ BEHAVIOR ] Run app\common\behavior\Common @module_init [ RunTime:0.001118s ]
[ info ] [ LANG ] /home/www/wwwroot/www.fa.com/public/../application/index/lang/zh-cn/index.php
[ info ] [ RUN ] app\index\controller\Index->index[ /home/www/wwwroot/www.fa.com/application/index/controller/Index.php ]
[ info ] [ VIEW ] /home/www/wwwroot/www.fa.com/public/../application/index/view/index/index.html [ array (
  0 => 'user',
  1 => 'site',
  2 => 'config',
) ]
[ info ] [ BEHAVIOR ] Run \addons\cms\Cms @response_send [ RunTime:0.000637s ]
[ info ] [ LOG ] INIT File
---------------------------------------------------------------
[ 2020-02-12T11:37:37+08:00 ] 192.168.98.1 GET 192.168.98.10/
[运行时间：0.037855s] [吞吐率：26.42req/s] [内存消耗：2,880.73kb] [文件加载：123]
[ info ] [ BEHAVIOR ] Run Closure @app_init [ RunTime:0.000016s ]
[ info ] [ CACHE ] INIT File
[ info ] [ BEHAVIOR ] Run \addons\cms\Cms @app_init [ RunTime:0.001442s ]
[ info ] [ BEHAVIOR ] Run Closure @app_init [ RunTime:0.001460s ]
[ info ] [ LANG ] /home/www/wwwroot/www.fa.com/thinkphp/lang/zh-cn.php
[ info ] [ ROUTE ] array (
  'type' => 'module',
  'module' => 
  array (
    0 => '',
    1 => NULL,
    2 => NULL,
  ),
)
[ info ] [ HEADER ] array (
  'cookie' => 'serverType=nginx; order=id%20desc; memRealUsed=458; mem-before=458/1819%20%28MB%29; memSize=1819; conterError=; one=0; five=0.01; fifteen=0.05; upNet=0.39; downNet=0.63',
  'accept-language' => 'en-US,en;q=0.9,zh-CN;q=0.8,zh;q=0.7',
  'accept-encoding' => 'gzip, deflate',
  'accept' => 'text/html,application/xhtml+xml,application/xml;q=0.9,image/webp,image/apng,*/*;q=0.8',
  'upgrade-insecure-requests' => '1',
  'user-agent' => 'Mozilla/5.0 (Windows NT 10.0; WOW64) AppleWebKit/537.36 (KHTML, like Gecko) Chrome/64.0.3269.3 Safari/537.36',
  'cache-control' => 'max-age=0',
  'connection' => 'keep-alive',
  'host' => '192.168.98.10',
  'content-type' => '',
  'content-length' => '',
)
[ info ] [ PARAM ] array (
)
[ info ] [ LANG ] /home/www/wwwroot/www.fa.com/public/../application/index/lang/zh-cn.php
[ info ] [ BEHAVIOR ] Run app\common\behavior\Common @module_init [ RunTime:0.001101s ]
[ info ] [ LANG ] /home/www/wwwroot/www.fa.com/public/../application/index/lang/zh-cn/index.php
[ info ] [ RUN ] app\index\controller\Index->index[ /home/www/wwwroot/www.fa.com/application/index/controller/Index.php ]
[ info ] [ VIEW ] /home/www/wwwroot/www.fa.com/public/../application/index/view/index/index.html [ array (
  0 => 'user',
  1 => 'site',
  2 => 'config',
) ]
[ info ] [ BEHAVIOR ] Run \addons\cms\Cms @response_send [ RunTime:0.000069s ]
[ info ] [ LOG ] INIT File
---------------------------------------------------------------
[ 2020-02-12T11:37:41+08:00 ] 192.168.98.1 GET 192.168.98.10/
[运行时间：0.036817s] [吞吐率：27.16req/s] [内存消耗：2,880.73kb] [文件加载：123]
[ info ] [ BEHAVIOR ] Run Closure @app_init [ RunTime:0.000023s ]
[ info ] [ CACHE ] INIT File
[ info ] [ BEHAVIOR ] Run \addons\cms\Cms @app_init [ RunTime:0.001898s ]
[ info ] [ BEHAVIOR ] Run Closure @app_init [ RunTime:0.001918s ]
[ info ] [ LANG ] /home/www/wwwroot/www.fa.com/thinkphp/lang/zh-cn.php
[ info ] [ ROUTE ] array (
  'type' => 'module',
  'module' => 
  array (
    0 => '',
    1 => NULL,
    2 => NULL,
  ),
)
[ info ] [ HEADER ] array (
  'cookie' => 'serverType=nginx; order=id%20desc; memRealUsed=458; mem-before=458/1819%20%28MB%29; memSize=1819; conterError=; one=0; five=0.01; fifteen=0.05; upNet=0.39; downNet=0.63',
  'accept-language' => 'en-US,en;q=0.9,zh-CN;q=0.8,zh;q=0.7',
  'accept-encoding' => 'gzip, deflate',
  'accept' => 'text/html,application/xhtml+xml,application/xml;q=0.9,image/webp,image/apng,*/*;q=0.8',
  'upgrade-insecure-requests' => '1',
  'user-agent' => 'Mozilla/5.0 (Windows NT 10.0; WOW64) AppleWebKit/537.36 (KHTML, like Gecko) Chrome/64.0.3269.3 Safari/537.36',
  'cache-control' => 'max-age=0',
  'connection' => 'keep-alive',
  'host' => '192.168.98.10',
  'content-type' => '',
  'content-length' => '',
)
[ info ] [ PARAM ] array (
)
[ info ] [ LANG ] /home/www/wwwroot/www.fa.com/public/../application/index/lang/zh-cn.php
[ info ] [ BEHAVIOR ] Run app\common\behavior\Common @module_init [ RunTime:0.000964s ]
[ info ] [ LANG ] /home/www/wwwroot/www.fa.com/public/../application/index/lang/zh-cn/index.php
[ info ] [ RUN ] app\index\controller\Index->index[ /home/www/wwwroot/www.fa.com/application/index/controller/Index.php ]
[ info ] [ VIEW ] /home/www/wwwroot/www.fa.com/public/../application/index/view/index/index.html [ array (
  0 => 'user',
  1 => 'site',
  2 => 'config',
) ]
[ info ] [ BEHAVIOR ] Run \addons\cms\Cms @response_send [ RunTime:0.000206s ]
[ info ] [ LOG ] INIT File
---------------------------------------------------------------
[ 2020-02-12T11:37:47+08:00 ] 192.168.98.1 GET 192.168.98.10/
[运行时间：0.042211s] [吞吐率：23.69req/s] [内存消耗：2,880.69kb] [文件加载：123]
[ info ] [ BEHAVIOR ] Run Closure @app_init [ RunTime:0.000030s ]
[ info ] [ CACHE ] INIT File
[ info ] [ BEHAVIOR ] Run \addons\cms\Cms @app_init [ RunTime:0.003410s ]
[ info ] [ BEHAVIOR ] Run Closure @app_init [ RunTime:0.003448s ]
[ info ] [ LANG ] /home/www/wwwroot/www.fa.com/thinkphp/lang/zh-cn.php
[ info ] [ ROUTE ] array (
  'type' => 'module',
  'module' => 
  array (
    0 => '',
    1 => NULL,
    2 => NULL,
  ),
)
[ info ] [ HEADER ] array (
  'cookie' => 'serverType=nginx; order=id%20desc; memRealUsed=458; mem-before=458/1819%20%28MB%29; memSize=1819; conterError=; one=0; five=0.01; fifteen=0.05; upNet=0.39; downNet=0.63',
  'accept-language' => 'en-US,en;q=0.9,zh-CN;q=0.8,zh;q=0.7',
  'accept-encoding' => 'gzip, deflate',
  'accept' => 'text/html,application/xhtml+xml,application/xml;q=0.9,image/webp,image/apng,*/*;q=0.8',
  'upgrade-insecure-requests' => '1',
  'user-agent' => 'Mozilla/5.0 (Windows NT 10.0; WOW64) AppleWebKit/537.36 (KHTML, like Gecko) Chrome/64.0.3269.3 Safari/537.36',
  'connection' => 'keep-alive',
  'host' => '192.168.98.10',
  'content-type' => '',
  'content-length' => '',
)
[ info ] [ PARAM ] array (
)
[ info ] [ LANG ] /home/www/wwwroot/www.fa.com/public/../application/index/lang/zh-cn.php
[ info ] [ BEHAVIOR ] Run app\common\behavior\Common @module_init [ RunTime:0.001271s ]
[ info ] [ LANG ] /home/www/wwwroot/www.fa.com/public/../application/index/lang/zh-cn/index.php
[ info ] [ RUN ] app\index\controller\Index->index[ /home/www/wwwroot/www.fa.com/application/index/controller/Index.php ]
[ info ] [ VIEW ] /home/www/wwwroot/www.fa.com/public/../application/index/view/index/index.html [ array (
  0 => 'user',
  1 => 'site',
  2 => 'config',
) ]
[ info ] [ BEHAVIOR ] Run \addons\cms\Cms @response_send [ RunTime:0.000061s ]
[ info ] [ LOG ] INIT File
---------------------------------------------------------------
[ 2020-02-12T11:41:21+08:00 ] 192.168.98.1 GET 192.168.98.10/
[运行时间：0.042927s] [吞吐率：23.30req/s] [内存消耗：2,880.16kb] [文件加载：123]
[ info ] [ BEHAVIOR ] Run Closure @app_init [ RunTime:0.000461s ]
[ info ] [ CACHE ] INIT File
[ info ] [ BEHAVIOR ] Run \addons\cms\Cms @app_init [ RunTime:0.001550s ]
[ info ] [ BEHAVIOR ] Run Closure @app_init [ RunTime:0.001570s ]
[ info ] [ LANG ] /home/www/wwwroot/www.fa.com/thinkphp/lang/zh-cn.php
[ info ] [ ROUTE ] array (
  'type' => 'module',
  'module' => 
  array (
    0 => '',
    1 => NULL,
    2 => NULL,
  ),
)
[ info ] [ HEADER ] array (
  'accept-language' => 'en-US,en;q=0.9,zh-CN;q=0.8,zh;q=0.7',
  'accept-encoding' => 'gzip, deflate',
  'accept' => 'text/html,application/xhtml+xml,application/xml;q=0.9,image/webp,image/apng,*/*;q=0.8',
  'upgrade-insecure-requests' => '1',
  'user-agent' => 'Mozilla/5.0 (Windows NT 10.0; WOW64) AppleWebKit/537.36 (KHTML, like Gecko) Chrome/64.0.3269.3 Safari/537.36',
  'connection' => 'keep-alive',
  'host' => '192.168.98.10',
  'content-type' => '',
  'content-length' => '',
)
[ info ] [ PARAM ] array (
)
[ info ] [ LANG ] /home/www/wwwroot/www.fa.com/public/../application/index/lang/zh-cn.php
[ info ] [ BEHAVIOR ] Run app\common\behavior\Common @module_init [ RunTime:0.001117s ]
[ info ] [ LANG ] /home/www/wwwroot/www.fa.com/public/../application/index/lang/zh-cn/index.php
[ info ] [ RUN ] app\index\controller\Index->index[ /home/www/wwwroot/www.fa.com/application/index/controller/Index.php ]
[ info ] [ VIEW ] /home/www/wwwroot/www.fa.com/public/../application/index/view/index/index.html [ array (
  0 => 'user',
  1 => 'site',
  2 => 'config',
) ]
[ info ] [ BEHAVIOR ] Run \addons\cms\Cms @response_send [ RunTime:0.000110s ]
[ info ] [ LOG ] INIT File
---------------------------------------------------------------
[ 2020-02-12T11:41:21+08:00 ] 192.168.98.1 GET 192.168.98.10/favicon.ico
[运行时间：0.039915s] [吞吐率：25.05req/s] [内存消耗：2,216.40kb] [文件加载：112]
[ info ] [ BEHAVIOR ] Run Closure @app_init [ RunTime:0.000025s ]
[ info ] [ CACHE ] INIT File
[ info ] [ BEHAVIOR ] Run \addons\cms\Cms @app_init [ RunTime:0.001799s ]
[ info ] [ BEHAVIOR ] Run Closure @app_init [ RunTime:0.001820s ]
[ info ] [ LANG ] /home/www/wwwroot/www.fa.com/thinkphp/lang/zh-cn.php
[ info ] [ ROUTE ] array (
  'type' => 'module',
  'module' => 
  array (
    0 => 'favicon.ico',
    1 => NULL,
    2 => NULL,
  ),
)
[ info ] [ HEADER ] array (
  'accept-language' => 'en-US,en;q=0.9,zh-CN;q=0.8,zh;q=0.7',
  'accept-encoding' => 'gzip, deflate',
  'referer' => 'http://192.168.98.10/',
  'accept' => 'image/webp,image/apng,image/*,*/*;q=0.8',
  'user-agent' => 'Mozilla/5.0 (Windows NT 10.0; WOW64) AppleWebKit/537.36 (KHTML, like Gecko) Chrome/64.0.3269.3 Safari/537.36',
  'connection' => 'keep-alive',
  'host' => '192.168.98.10',
  'content-type' => '',
  'content-length' => '',
)
[ info ] [ PARAM ] array (
)
[ info ] [ BEHAVIOR ] Run \addons\cms\Cms @response_send [ RunTime:0.000172s ]
[ info ] [ LOG ] INIT File
---------------------------------------------------------------
[ 2020-02-12T11:41:21+08:00 ] 192.168.98.1 GET 192.168.98.10/favicon.ico
[运行时间：0.036176s] [吞吐率：27.64req/s] [内存消耗：2,216.43kb] [文件加载：112]
[ info ] [ BEHAVIOR ] Run Closure @app_init [ RunTime:0.000224s ]
[ info ] [ CACHE ] INIT File
[ info ] [ BEHAVIOR ] Run \addons\cms\Cms @app_init [ RunTime:0.002075s ]
[ info ] [ BEHAVIOR ] Run Closure @app_init [ RunTime:0.002098s ]
[ info ] [ LANG ] /home/www/wwwroot/www.fa.com/thinkphp/lang/zh-cn.php
[ info ] [ ROUTE ] array (
  'type' => 'module',
  'module' => 
  array (
    0 => '404',
    1 => NULL,
    2 => NULL,
  ),
)
[ info ] [ HEADER ] array (
  'accept-language' => 'en-US,en;q=0.9,zh-CN;q=0.8,zh;q=0.7',
  'accept-encoding' => 'gzip, deflate',
  'referer' => 'http://192.168.98.10/',
  'accept' => 'image/webp,image/apng,image/*,*/*;q=0.8',
  'user-agent' => 'Mozilla/5.0 (Windows NT 10.0; WOW64) AppleWebKit/537.36 (KHTML, like Gecko) Chrome/64.0.3269.3 Safari/537.36',
  'connection' => 'keep-alive',
  'host' => '192.168.98.10',
  'content-type' => '',
  'content-length' => '',
)
[ info ] [ PARAM ] array (
)
[ info ] [ BEHAVIOR ] Run \addons\cms\Cms @response_send [ RunTime:0.000197s ]
[ info ] [ LOG ] INIT File
---------------------------------------------------------------
[ 2020-02-12T11:41:40+08:00 ] 192.168.98.1 GET 192.168.98.10/index/user/login.html
[运行时间：0.083944s] [吞吐率：11.91req/s] [内存消耗：2,989.65kb] [文件加载：123]
[ info ] [ BEHAVIOR ] Run Closure @app_init [ RunTime:0.000016s ]
[ info ] [ CACHE ] INIT File
[ info ] [ BEHAVIOR ] Run \addons\cms\Cms @app_init [ RunTime:0.001532s ]
[ info ] [ BEHAVIOR ] Run Closure @app_init [ RunTime:0.001553s ]
[ info ] [ LANG ] /home/www/wwwroot/www.fa.com/thinkphp/lang/zh-cn.php
[ info ] [ ROUTE ] array (
  'type' => 'module',
  'module' => 
  array (
    0 => 'index',
    1 => 'user',
    2 => 'login',
  ),
)
[ info ] [ HEADER ] array (
  'accept-language' => 'en-US,en;q=0.9,zh-CN;q=0.8,zh;q=0.7',
  'accept-encoding' => 'gzip, deflate',
  'referer' => 'http://192.168.98.10/',
  'accept' => 'text/html,application/xhtml+xml,application/xml;q=0.9,image/webp,image/apng,*/*;q=0.8',
  'user-agent' => 'Mozilla/5.0 (Windows NT 10.0; WOW64) AppleWebKit/537.36 (KHTML, like Gecko) Chrome/64.0.3269.3 Safari/537.36',
  'upgrade-insecure-requests' => '1',
  'connection' => 'keep-alive',
  'host' => '192.168.98.10',
  'content-type' => '',
  'content-length' => '',
)
[ info ] [ PARAM ] array (
)
[ info ] [ LANG ] /home/www/wwwroot/www.fa.com/public/../application/index/lang/zh-cn.php
[ info ] [ BEHAVIOR ] Run app\common\behavior\Common @module_init [ RunTime:0.000919s ]
[ info ] [ LANG ] /home/www/wwwroot/www.fa.com/public/../application/index/lang/zh-cn/user.php
[ info ] [ RUN ] app\index\controller\User->login[ /home/www/wwwroot/www.fa.com/application/index/controller/User.php ]
[ info ] [ VIEW ] /home/www/wwwroot/www.fa.com/public/../application/index/view/user/login.html [ array (
  0 => 'user',
  1 => 'site',
  2 => 'config',
  3 => 'url',
  4 => 'title',
) ]
[ info ] [ SESSION ] INIT array (
  'id' => '',
  'var_session_id' => '',
  'prefix' => 'think',
  'type' => '',
  'auto_start' => true,
)
[ info ] [ BEHAVIOR ] Run \addons\cms\Cms @response_send [ RunTime:0.000210s ]
[ info ] [ LOG ] INIT File
---------------------------------------------------------------
[ 2020-02-12T11:41:40+08:00 ] 192.168.98.1 GET 192.168.98.10/index/ajax/lang?callback=define&controllername=user&v=1581478900
[运行时间：0.054696s] [吞吐率：18.28req/s] [内存消耗：2,890.09kb] [文件加载：124]
[ info ] [ BEHAVIOR ] Run Closure @app_init [ RunTime:0.000020s ]
[ info ] [ CACHE ] INIT File
[ info ] [ BEHAVIOR ] Run \addons\cms\Cms @app_init [ RunTime:0.001711s ]
[ info ] [ BEHAVIOR ] Run Closure @app_init [ RunTime:0.001732s ]
[ info ] [ LANG ] /home/www/wwwroot/www.fa.com/thinkphp/lang/zh-cn.php
[ info ] [ ROUTE ] array (
  'type' => 'module',
  'module' => 
  array (
    0 => 'index',
    1 => 'ajax',
    2 => 'lang',
  ),
)
[ info ] [ HEADER ] array (
  'cookie' => 'PHPSESSID=5p2bcn6mofthsae3k8b59jdne7',
  'accept-language' => 'en-US,en;q=0.9,zh-CN;q=0.8,zh;q=0.7',
  'accept-encoding' => 'gzip, deflate',
  'referer' => 'http://192.168.98.10/index/user/login.html',
  'accept' => '*/*',
  'user-agent' => 'Mozilla/5.0 (Windows NT 10.0; WOW64) AppleWebKit/537.36 (KHTML, like Gecko) Chrome/64.0.3269.3 Safari/537.36',
  'connection' => 'keep-alive',
  'host' => '192.168.98.10',
  'content-type' => '',
  'content-length' => '',
)
[ info ] [ PARAM ] array (
  'callback' => 'define',
  'controllername' => 'user',
  'v' => '1581478900',
)
[ info ] [ LANG ] /home/www/wwwroot/www.fa.com/public/../application/index/lang/zh-cn.php
[ info ] [ BEHAVIOR ] Run app\common\behavior\Common @module_init [ RunTime:0.001482s ]
[ info ] [ LANG ] /home/www/wwwroot/www.fa.com/public/../application/index/lang/zh-cn/ajax.php
[ info ] [ RUN ] app\index\controller\Ajax->lang[ /home/www/wwwroot/www.fa.com/application/index/controller/Ajax.php ]
[ info ] [ LANG ] /home/www/wwwroot/www.fa.com/public/../application/index/lang/zh-cn/user.php
[ info ] [ BEHAVIOR ] Run \addons\cms\Cms @response_send [ RunTime:0.000180s ]
[ info ] [ LOG ] INIT File
---------------------------------------------------------------
[ 2020-02-12T11:41:49+08:00 ] 192.168.98.1 POST 192.168.98.10/index/user/login.html
[运行时间：0.509200s] [吞吐率：1.96req/s] [内存消耗：3,726.41kb] [文件加载：131]
[ info ] [ BEHAVIOR ] Run Closure @app_init [ RunTime:0.000016s ]
[ info ] [ CACHE ] INIT File
[ info ] [ BEHAVIOR ] Run \addons\cms\Cms @app_init [ RunTime:0.002772s ]
[ info ] [ BEHAVIOR ] Run Closure @app_init [ RunTime:0.002807s ]
[ info ] [ LANG ] /home/www/wwwroot/www.fa.com/thinkphp/lang/zh-cn.php
[ info ] [ ROUTE ] array (
  'type' => 'module',
  'module' => 
  array (
    0 => 'index',
    1 => 'user',
    2 => 'login',
  ),
)
[ info ] [ HEADER ] array (
  'cookie' => 'PHPSESSID=5p2bcn6mofthsae3k8b59jdne7',
  'accept-language' => 'en-US,en;q=0.9,zh-CN;q=0.8,zh;q=0.7',
  'accept-encoding' => 'gzip, deflate',
  'referer' => 'http://192.168.98.10/index/user/login.html',
  'content-type' => 'application/x-www-form-urlencoded; charset=UTF-8',
  'user-agent' => 'Mozilla/5.0 (Windows NT 10.0; WOW64) AppleWebKit/537.36 (KHTML, like Gecko) Chrome/64.0.3269.3 Safari/537.36',
  'x-requested-with' => 'XMLHttpRequest',
  'origin' => 'http://192.168.98.10',
  'accept' => 'application/json, text/javascript, */*; q=0.01',
  'content-length' => '118',
  'connection' => 'keep-alive',
  'host' => '192.168.98.10',
)
[ info ] [ PARAM ] array (
  'url' => 'http://192.168.98.10/',
  '__token__' => 'bae965cff3f747d058c68b329745eee3',
  'account' => 'admin',
  'password' => '123456',
  'keeplogin' => '1',
)
[ info ] [ LANG ] /home/www/wwwroot/www.fa.com/public/../application/index/lang/zh-cn.php
[ info ] [ BEHAVIOR ] Run app\common\behavior\Common @module_init [ RunTime:0.000972s ]
[ info ] [ LANG ] /home/www/wwwroot/www.fa.com/public/../application/index/lang/zh-cn/user.php
[ info ] [ RUN ] app\index\controller\User->login[ /home/www/wwwroot/www.fa.com/application/index/controller/User.php ]
[ info ] [ SESSION ] INIT array (
  'id' => '',
  'var_session_id' => '',
  'prefix' => 'think',
  'type' => '',
  'auto_start' => true,
)
[ info ] [ DB ] INIT mysql
[ info ] [ BEHAVIOR ] Run \addons\cms\Cms @response_send [ RunTime:0.000074s ]
[ info ] [ LOG ] INIT File
[ sql ] [ DB ] CONNECT:[ UseTime:0.028589s ] mysql:host=127.0.0.1;dbname=www_fa_com;charset=utf8
[ sql ] [ SQL ] SHOW COLUMNS FROM `fa_user` [ RunTime:0.295028s ]
[ sql ] [ SQL ] SELECT * FROM `fa_user` WHERE  `username` = 'admin' LIMIT 1 [ RunTime:0.025769s ]
---------------------------------------------------------------
[ 2020-02-12T11:41:54+08:00 ] 192.168.98.1 POST 192.168.98.10/index/user/login.html
[运行时间：0.192036s] [吞吐率：5.21req/s] [内存消耗：3,769.78kb] [文件加载：136]
[ info ] [ BEHAVIOR ] Run Closure @app_init [ RunTime:0.000016s ]
[ info ] [ CACHE ] INIT File
[ info ] [ BEHAVIOR ] Run \addons\cms\Cms @app_init [ RunTime:0.001681s ]
[ info ] [ BEHAVIOR ] Run Closure @app_init [ RunTime:0.001700s ]
[ info ] [ LANG ] /home/www/wwwroot/www.fa.com/thinkphp/lang/zh-cn.php
[ info ] [ ROUTE ] array (
  'type' => 'module',
  'module' => 
  array (
    0 => 'index',
    1 => 'user',
    2 => 'login',
  ),
)
[ info ] [ HEADER ] array (
  'cookie' => 'PHPSESSID=5p2bcn6mofthsae3k8b59jdne7',
  'accept-language' => 'en-US,en;q=0.9,zh-CN;q=0.8,zh;q=0.7',
  'accept-encoding' => 'gzip, deflate',
  'referer' => 'http://192.168.98.10/index/user/login.html',
  'content-type' => 'application/x-www-form-urlencoded; charset=UTF-8',
  'user-agent' => 'Mozilla/5.0 (Windows NT 10.0; WOW64) AppleWebKit/537.36 (KHTML, like Gecko) Chrome/64.0.3269.3 Safari/537.36',
  'x-requested-with' => 'XMLHttpRequest',
  'origin' => 'http://192.168.98.10',
  'accept' => 'application/json, text/javascript, */*; q=0.01',
  'content-length' => '118',
  'connection' => 'keep-alive',
  'host' => '192.168.98.10',
)
[ info ] [ PARAM ] array (
  'url' => 'http://192.168.98.10/',
  '__token__' => '38ce929c58f7bbc7d63e4ea29f4a3870',
  'account' => 'nicky',
  'password' => '123456',
  'keeplogin' => '1',
)
[ info ] [ LANG ] /home/www/wwwroot/www.fa.com/public/../application/index/lang/zh-cn.php
[ info ] [ BEHAVIOR ] Run app\common\behavior\Common @module_init [ RunTime:0.002326s ]
[ info ] [ LANG ] /home/www/wwwroot/www.fa.com/public/../application/index/lang/zh-cn/user.php
[ info ] [ RUN ] app\index\controller\User->login[ /home/www/wwwroot/www.fa.com/application/index/controller/User.php ]
[ info ] [ SESSION ] INIT array (
  'id' => '',
  'var_session_id' => '',
  'prefix' => 'think',
  'type' => '',
  'auto_start' => true,
)
[ info ] [ DB ] INIT mysql
[ info ] [ TOKEN ] INIT Mysql
[ info ] [ BEHAVIOR ] Run Closure @user_login_successed [ RunTime:0.000102s ]
[ info ] [ BEHAVIOR ] Run \addons\cms\Cms @response_send [ RunTime:0.000062s ]
[ info ] [ LOG ] INIT File
[ sql ] [ DB ] CONNECT:[ UseTime:0.000791s ] mysql:host=127.0.0.1;dbname=www_fa_com;charset=utf8
[ sql ] [ SQL ] SHOW COLUMNS FROM `fa_user` [ RunTime:0.000914s ]
[ sql ] [ SQL ] SELECT * FROM `fa_user` WHERE  `username` = 'nicky' LIMIT 1 [ RunTime:0.000643s ]
[ sql ] [ SQL ] SELECT * FROM `fa_user` WHERE  `id` = 2 LIMIT 1 [ RunTime:0.000715s ]
[ sql ] [ SQL ] UPDATE `fa_user`  SET `prevtime`=1578813224,`logintime`=1581478914,`updatetime`=1581478914  WHERE  `id` = 2 [ RunTime:0.001424s ]
[ sql ] [ SQL ] SHOW COLUMNS FROM `fa_user_token` [ RunTime:0.017963s ]
[ sql ] [ SQL ] INSERT INTO `fa_user_token` (`token` , `user_id` , `createtime` , `expiretime`) VALUES ('f67a40949ac0111895ff3aac81dd9bc9d4c12173' , 2 , 1581478914 , 1584070914) [ RunTime:0.001016s ]
---------------------------------------------------------------
[ 2020-02-12T11:41:55+08:00 ] 192.168.98.1 GET 192.168.98.10/
[运行时间：0.105401s] [吞吐率：9.49req/s] [内存消耗：3,706.31kb] [文件加载：133]
[ info ] [ BEHAVIOR ] Run Closure @app_init [ RunTime:0.000017s ]
[ info ] [ CACHE ] INIT File
[ info ] [ BEHAVIOR ] Run \addons\cms\Cms @app_init [ RunTime:0.002545s ]
[ info ] [ BEHAVIOR ] Run Closure @app_init [ RunTime:0.002566s ]
[ info ] [ LANG ] /home/www/wwwroot/www.fa.com/thinkphp/lang/zh-cn.php
[ info ] [ ROUTE ] array (
  'type' => 'module',
  'module' => 
  array (
    0 => '',
    1 => NULL,
    2 => NULL,
  ),
)
[ info ] [ HEADER ] array (
  'cookie' => 'PHPSESSID=5p2bcn6mofthsae3k8b59jdne7; uid=2; token=a18a57b0-dc5c-4b92-bde9-cf1b9f96875d',
  'accept-language' => 'en-US,en;q=0.9,zh-CN;q=0.8,zh;q=0.7',
  'accept-encoding' => 'gzip, deflate',
  'referer' => 'http://192.168.98.10/index/user/login.html',
  'accept' => 'text/html,application/xhtml+xml,application/xml;q=0.9,image/webp,image/apng,*/*;q=0.8',
  'user-agent' => 'Mozilla/5.0 (Windows NT 10.0; WOW64) AppleWebKit/537.36 (KHTML, like Gecko) Chrome/64.0.3269.3 Safari/537.36',
  'upgrade-insecure-requests' => '1',
  'connection' => 'keep-alive',
  'host' => '192.168.98.10',
  'content-type' => '',
  'content-length' => '',
)
[ info ] [ PARAM ] array (
)
[ info ] [ LANG ] /home/www/wwwroot/www.fa.com/public/../application/index/lang/zh-cn.php
[ info ] [ BEHAVIOR ] Run app\common\behavior\Common @module_init [ RunTime:0.001154s ]
[ info ] [ TOKEN ] INIT Mysql
[ info ] [ DB ] INIT mysql
[ info ] [ LANG ] /home/www/wwwroot/www.fa.com/public/../application/index/lang/zh-cn/index.php
[ info ] [ RUN ] app\index\controller\Index->index[ /home/www/wwwroot/www.fa.com/application/index/controller/Index.php ]
[ info ] [ VIEW ] /home/www/wwwroot/www.fa.com/public/../application/index/view/index/index.html [ array (
  0 => 'user',
  1 => 'site',
  2 => 'config',
) ]
[ info ] [ BEHAVIOR ] Run \addons\cms\Cms @response_send [ RunTime:0.000048s ]
[ info ] [ LOG ] INIT File
[ sql ] [ DB ] CONNECT:[ UseTime:0.000690s ] mysql:host=127.0.0.1;dbname=www_fa_com;charset=utf8
[ sql ] [ SQL ] SHOW COLUMNS FROM `fa_user_token` [ RunTime:0.000968s ]
[ sql ] [ SQL ] SELECT * FROM `fa_user_token` WHERE  `token` = 'f67a40949ac0111895ff3aac81dd9bc9d4c12173' LIMIT 1 [ RunTime:0.000614s ]
[ sql ] [ SQL ] SHOW COLUMNS FROM `fa_user` [ RunTime:0.000937s ]
[ sql ] [ SQL ] SELECT * FROM `fa_user` WHERE  `id` = 2 LIMIT 1 [ RunTime:0.000857s ]
---------------------------------------------------------------
[ 2020-02-12T11:42:05+08:00 ] 192.168.98.1 GET 192.168.98.10/index/user/index.html
[运行时间：0.187070s] [吞吐率：5.35req/s] [内存消耗：3,812.59kb] [文件加载：134]
[ info ] [ BEHAVIOR ] Run Closure @app_init [ RunTime:0.000018s ]
[ info ] [ CACHE ] INIT File
[ info ] [ BEHAVIOR ] Run \addons\cms\Cms @app_init [ RunTime:0.001420s ]
[ info ] [ BEHAVIOR ] Run Closure @app_init [ RunTime:0.001437s ]
[ info ] [ LANG ] /home/www/wwwroot/www.fa.com/thinkphp/lang/zh-cn.php
[ info ] [ ROUTE ] array (
  'type' => 'module',
  'module' => 
  array (
    0 => 'index',
    1 => 'user',
    2 => 'index',
  ),
)
[ info ] [ HEADER ] array (
  'cookie' => 'PHPSESSID=5p2bcn6mofthsae3k8b59jdne7; uid=2; token=a18a57b0-dc5c-4b92-bde9-cf1b9f96875d',
  'accept-language' => 'en-US,en;q=0.9,zh-CN;q=0.8,zh;q=0.7',
  'accept-encoding' => 'gzip, deflate',
  'referer' => 'http://192.168.98.10/',
  'accept' => 'text/html,application/xhtml+xml,application/xml;q=0.9,image/webp,image/apng,*/*;q=0.8',
  'user-agent' => 'Mozilla/5.0 (Windows NT 10.0; WOW64) AppleWebKit/537.36 (KHTML, like Gecko) Chrome/64.0.3269.3 Safari/537.36',
  'upgrade-insecure-requests' => '1',
  'connection' => 'keep-alive',
  'host' => '192.168.98.10',
  'content-type' => '',
  'content-length' => '',
)
[ info ] [ PARAM ] array (
)
[ info ] [ LANG ] /home/www/wwwroot/www.fa.com/public/../application/index/lang/zh-cn.php
[ info ] [ BEHAVIOR ] Run app\common\behavior\Common @module_init [ RunTime:0.000965s ]
[ info ] [ TOKEN ] INIT Mysql
[ info ] [ DB ] INIT mysql
[ info ] [ LANG ] /home/www/wwwroot/www.fa.com/public/../application/index/lang/zh-cn/user.php
[ info ] [ RUN ] app\index\controller\User->index[ /home/www/wwwroot/www.fa.com/application/index/controller/User.php ]
[ info ] [ VIEW ] /home/www/wwwroot/www.fa.com/public/../application/index/view/user/index.html [ array (
  0 => 'user',
  1 => 'site',
  2 => 'config',
  3 => 'title',
) ]
[ info ] [ VIEW ] /home/www/wwwroot/www.fa.com/addons/cms/view/hook/user_sidenav_after.html [ array (
  0 => 'actionname',
) ]
[ info ] [ BEHAVIOR ] Run \addons\cms\Cms @user_sidenav_after [ RunTime:0.038057s ]
[ info ] [ BEHAVIOR ] Run \addons\cms\Cms @response_send [ RunTime:0.000172s ]
[ info ] [ LOG ] INIT File
[ sql ] [ DB ] CONNECT:[ UseTime:0.001544s ] mysql:host=127.0.0.1;dbname=www_fa_com;charset=utf8
[ sql ] [ SQL ] SHOW COLUMNS FROM `fa_user_token` [ RunTime:0.001330s ]
[ sql ] [ SQL ] SELECT * FROM `fa_user_token` WHERE  `token` = 'f67a40949ac0111895ff3aac81dd9bc9d4c12173' LIMIT 1 [ RunTime:0.000789s ]
[ sql ] [ SQL ] SHOW COLUMNS FROM `fa_user` [ RunTime:0.000929s ]
[ sql ] [ SQL ] SELECT * FROM `fa_user` WHERE  `id` = 2 LIMIT 1 [ RunTime:0.000545s ]
---------------------------------------------------------------
[ 2020-02-12T11:42:06+08:00 ] 192.168.98.1 GET 192.168.98.10/index/ajax/lang?callback=define&controllername=user&v=1581478925
[运行时间：0.094995s] [吞吐率：10.53req/s] [内存消耗：3,715.93kb] [文件加载：134]
[ info ] [ BEHAVIOR ] Run Closure @app_init [ RunTime:0.000018s ]
[ info ] [ CACHE ] INIT File
[ info ] [ BEHAVIOR ] Run \addons\cms\Cms @app_init [ RunTime:0.001685s ]
[ info ] [ BEHAVIOR ] Run Closure @app_init [ RunTime:0.001706s ]
[ info ] [ LANG ] /home/www/wwwroot/www.fa.com/thinkphp/lang/zh-cn.php
[ info ] [ ROUTE ] array (
  'type' => 'module',
  'module' => 
  array (
    0 => 'index',
    1 => 'ajax',
    2 => 'lang',
  ),
)
[ info ] [ HEADER ] array (
  'cookie' => 'PHPSESSID=5p2bcn6mofthsae3k8b59jdne7; uid=2; token=a18a57b0-dc5c-4b92-bde9-cf1b9f96875d',
  'accept-language' => 'en-US,en;q=0.9,zh-CN;q=0.8,zh;q=0.7',
  'accept-encoding' => 'gzip, deflate',
  'referer' => 'http://192.168.98.10/index/user/index.html',
  'accept' => '*/*',
  'user-agent' => 'Mozilla/5.0 (Windows NT 10.0; WOW64) AppleWebKit/537.36 (KHTML, like Gecko) Chrome/64.0.3269.3 Safari/537.36',
  'connection' => 'keep-alive',
  'host' => '192.168.98.10',
  'content-type' => '',
  'content-length' => '',
)
[ info ] [ PARAM ] array (
  'callback' => 'define',
  'controllername' => 'user',
  'v' => '1581478925',
)
[ info ] [ LANG ] /home/www/wwwroot/www.fa.com/public/../application/index/lang/zh-cn.php
[ info ] [ BEHAVIOR ] Run app\common\behavior\Common @module_init [ RunTime:0.001247s ]
[ info ] [ TOKEN ] INIT Mysql
[ info ] [ DB ] INIT mysql
[ info ] [ LANG ] /home/www/wwwroot/www.fa.com/public/../application/index/lang/zh-cn/ajax.php
[ info ] [ RUN ] app\index\controller\Ajax->lang[ /home/www/wwwroot/www.fa.com/application/index/controller/Ajax.php ]
[ info ] [ LANG ] /home/www/wwwroot/www.fa.com/public/../application/index/lang/zh-cn/user.php
[ info ] [ BEHAVIOR ] Run \addons\cms\Cms @response_send [ RunTime:0.000126s ]
[ info ] [ LOG ] INIT File
[ sql ] [ DB ] CONNECT:[ UseTime:0.000660s ] mysql:host=127.0.0.1;dbname=www_fa_com;charset=utf8
[ sql ] [ SQL ] SHOW COLUMNS FROM `fa_user_token` [ RunTime:0.000700s ]
[ sql ] [ SQL ] SELECT * FROM `fa_user_token` WHERE  `token` = 'f67a40949ac0111895ff3aac81dd9bc9d4c12173' LIMIT 1 [ RunTime:0.000407s ]
[ sql ] [ SQL ] SHOW COLUMNS FROM `fa_user` [ RunTime:0.000980s ]
[ sql ] [ SQL ] SELECT * FROM `fa_user` WHERE  `id` = 2 LIMIT 1 [ RunTime:0.000596s ]
---------------------------------------------------------------
[ 2020-02-12T11:45:05+08:00 ] 192.168.98.1 GET 192.168.98.10/
[运行时间：0.143757s] [吞吐率：6.96req/s] [内存消耗：3,706.16kb] [文件加载：133]
[ info ] [ BEHAVIOR ] Run Closure @app_init [ RunTime:0.000019s ]
[ info ] [ CACHE ] INIT File
[ info ] [ BEHAVIOR ] Run \addons\cms\Cms @app_init [ RunTime:0.001991s ]
[ info ] [ BEHAVIOR ] Run Closure @app_init [ RunTime:0.002013s ]
[ info ] [ LANG ] /home/www/wwwroot/www.fa.com/thinkphp/lang/zh-cn.php
[ info ] [ ROUTE ] array (
  'type' => 'module',
  'module' => 
  array (
    0 => '',
    1 => NULL,
    2 => NULL,
  ),
)
[ info ] [ HEADER ] array (
  'cookie' => 'PHPSESSID=5p2bcn6mofthsae3k8b59jdne7; uid=2; token=a18a57b0-dc5c-4b92-bde9-cf1b9f96875d',
  'accept-language' => 'en-US,en;q=0.9,zh-CN;q=0.8,zh;q=0.7',
  'accept-encoding' => 'gzip, deflate',
  'accept' => 'text/html,application/xhtml+xml,application/xml;q=0.9,image/webp,image/apng,*/*;q=0.8',
  'upgrade-insecure-requests' => '1',
  'user-agent' => 'Mozilla/5.0 (Windows NT 10.0; WOW64) AppleWebKit/537.36 (KHTML, like Gecko) Chrome/64.0.3269.3 Safari/537.36',
  'connection' => 'keep-alive',
  'host' => '192.168.98.10',
  'content-type' => '',
  'content-length' => '',
)
[ info ] [ PARAM ] array (
)
[ info ] [ LANG ] /home/www/wwwroot/www.fa.com/public/../application/index/lang/zh-cn.php
[ info ] [ BEHAVIOR ] Run app\common\behavior\Common @module_init [ RunTime:0.000957s ]
[ info ] [ TOKEN ] INIT Mysql
[ info ] [ DB ] INIT mysql
[ info ] [ LANG ] /home/www/wwwroot/www.fa.com/public/../application/index/lang/zh-cn/index.php
[ info ] [ RUN ] app\index\controller\Index->index[ /home/www/wwwroot/www.fa.com/application/index/controller/Index.php ]
[ info ] [ VIEW ] /home/www/wwwroot/www.fa.com/public/../application/index/view/index/index.html [ array (
  0 => 'user',
  1 => 'site',
  2 => 'config',
) ]
[ info ] [ BEHAVIOR ] Run \addons\cms\Cms @response_send [ RunTime:0.000063s ]
[ info ] [ LOG ] INIT File
[ sql ] [ DB ] CONNECT:[ UseTime:0.000719s ] mysql:host=127.0.0.1;dbname=www_fa_com;charset=utf8
[ sql ] [ SQL ] SHOW COLUMNS FROM `fa_user_token` [ RunTime:0.000710s ]
[ sql ] [ SQL ] SELECT * FROM `fa_user_token` WHERE  `token` = 'f67a40949ac0111895ff3aac81dd9bc9d4c12173' LIMIT 1 [ RunTime:0.000553s ]
[ sql ] [ SQL ] SHOW COLUMNS FROM `fa_user` [ RunTime:0.001592s ]
[ sql ] [ SQL ] SELECT * FROM `fa_user` WHERE  `id` = 2 LIMIT 1 [ RunTime:0.000853s ]
---------------------------------------------------------------
[ 2020-02-12T11:45:28+08:00 ] 192.168.98.1 GET 192.168.98.10/
[运行时间：0.052527s] [吞吐率：19.04req/s] [内存消耗：2,880.16kb] [文件加载：123]
[ info ] [ BEHAVIOR ] Run Closure @app_init [ RunTime:0.000017s ]
[ info ] [ CACHE ] INIT File
[ info ] [ BEHAVIOR ] Run \addons\cms\Cms @app_init [ RunTime:0.001806s ]
[ info ] [ BEHAVIOR ] Run Closure @app_init [ RunTime:0.001828s ]
[ info ] [ LANG ] /home/www/wwwroot/www.fa.com/thinkphp/lang/zh-cn.php
[ info ] [ ROUTE ] array (
  'type' => 'module',
  'module' => 
  array (
    0 => '',
    1 => NULL,
    2 => NULL,
  ),
)
[ info ] [ HEADER ] array (
  'accept-language' => 'en-US,en;q=0.9,zh-CN;q=0.8,zh;q=0.7',
  'accept-encoding' => 'gzip, deflate',
  'accept' => 'text/html,application/xhtml+xml,application/xml;q=0.9,image/webp,image/apng,*/*;q=0.8',
  'upgrade-insecure-requests' => '1',
  'user-agent' => 'Mozilla/5.0 (Windows NT 10.0; WOW64) AppleWebKit/537.36 (KHTML, like Gecko) Chrome/64.0.3269.3 Safari/537.36',
  'connection' => 'keep-alive',
  'host' => '192.168.98.10',
  'content-type' => '',
  'content-length' => '',
)
[ info ] [ PARAM ] array (
)
[ info ] [ LANG ] /home/www/wwwroot/www.fa.com/public/../application/index/lang/zh-cn.php
[ info ] [ BEHAVIOR ] Run app\common\behavior\Common @module_init [ RunTime:0.001030s ]
[ info ] [ LANG ] /home/www/wwwroot/www.fa.com/public/../application/index/lang/zh-cn/index.php
[ info ] [ RUN ] app\index\controller\Index->index[ /home/www/wwwroot/www.fa.com/application/index/controller/Index.php ]
[ info ] [ VIEW ] /home/www/wwwroot/www.fa.com/public/../application/index/view/index/index.html [ array (
  0 => 'user',
  1 => 'site',
  2 => 'config',
) ]
[ info ] [ BEHAVIOR ] Run \addons\cms\Cms @response_send [ RunTime:0.000051s ]
[ info ] [ LOG ] INIT File
---------------------------------------------------------------
[ 2020-02-12T11:45:33+08:00 ] 192.168.98.1 GET 192.168.98.10/index/user/login.html
[运行时间：0.049580s] [吞吐率：20.17req/s] [内存消耗：2,989.65kb] [文件加载：123]
[ info ] [ BEHAVIOR ] Run Closure @app_init [ RunTime:0.000176s ]
[ info ] [ CACHE ] INIT File
[ info ] [ BEHAVIOR ] Run \addons\cms\Cms @app_init [ RunTime:0.001788s ]
[ info ] [ BEHAVIOR ] Run Closure @app_init [ RunTime:0.001856s ]
[ info ] [ LANG ] /home/www/wwwroot/www.fa.com/thinkphp/lang/zh-cn.php
[ info ] [ ROUTE ] array (
  'type' => 'module',
  'module' => 
  array (
    0 => 'index',
    1 => 'user',
    2 => 'login',
  ),
)
[ info ] [ HEADER ] array (
  'accept-language' => 'en-US,en;q=0.9,zh-CN;q=0.8,zh;q=0.7',
  'accept-encoding' => 'gzip, deflate',
  'referer' => 'http://192.168.98.10/',
  'accept' => 'text/html,application/xhtml+xml,application/xml;q=0.9,image/webp,image/apng,*/*;q=0.8',
  'user-agent' => 'Mozilla/5.0 (Windows NT 10.0; WOW64) AppleWebKit/537.36 (KHTML, like Gecko) Chrome/64.0.3269.3 Safari/537.36',
  'upgrade-insecure-requests' => '1',
  'connection' => 'keep-alive',
  'host' => '192.168.98.10',
  'content-type' => '',
  'content-length' => '',
)
[ info ] [ PARAM ] array (
)
[ info ] [ LANG ] /home/www/wwwroot/www.fa.com/public/../application/index/lang/zh-cn.php
[ info ] [ BEHAVIOR ] Run app\common\behavior\Common @module_init [ RunTime:0.002477s ]
[ info ] [ LANG ] /home/www/wwwroot/www.fa.com/public/../application/index/lang/zh-cn/user.php
[ info ] [ RUN ] app\index\controller\User->login[ /home/www/wwwroot/www.fa.com/application/index/controller/User.php ]
[ info ] [ VIEW ] /home/www/wwwroot/www.fa.com/public/../application/index/view/user/login.html [ array (
  0 => 'user',
  1 => 'site',
  2 => 'config',
  3 => 'url',
  4 => 'title',
) ]
[ info ] [ SESSION ] INIT array (
  'id' => '',
  'var_session_id' => '',
  'prefix' => 'think',
  'type' => '',
  'auto_start' => true,
)
[ info ] [ BEHAVIOR ] Run \addons\cms\Cms @response_send [ RunTime:0.000115s ]
[ info ] [ LOG ] INIT File
---------------------------------------------------------------
[ 2020-02-12T11:45:33+08:00 ] 192.168.98.1 GET 192.168.98.10/index/ajax/lang?callback=define&controllername=user&v=1581479133
[运行时间：0.034366s] [吞吐率：29.10req/s] [内存消耗：2,890.09kb] [文件加载：124]
[ info ] [ BEHAVIOR ] Run Closure @app_init [ RunTime:0.000018s ]
[ info ] [ CACHE ] INIT File
[ info ] [ BEHAVIOR ] Run \addons\cms\Cms @app_init [ RunTime:0.003242s ]
[ info ] [ BEHAVIOR ] Run Closure @app_init [ RunTime:0.003266s ]
[ info ] [ LANG ] /home/www/wwwroot/www.fa.com/thinkphp/lang/zh-cn.php
[ info ] [ ROUTE ] array (
  'type' => 'module',
  'module' => 
  array (
    0 => 'index',
    1 => 'ajax',
    2 => 'lang',
  ),
)
[ info ] [ HEADER ] array (
  'cookie' => 'PHPSESSID=j6gq13ltcg6ici4daou4sro6r4',
  'accept-language' => 'en-US,en;q=0.9,zh-CN;q=0.8,zh;q=0.7',
  'accept-encoding' => 'gzip, deflate',
  'referer' => 'http://192.168.98.10/index/user/login.html',
  'accept' => '*/*',
  'user-agent' => 'Mozilla/5.0 (Windows NT 10.0; WOW64) AppleWebKit/537.36 (KHTML, like Gecko) Chrome/64.0.3269.3 Safari/537.36',
  'connection' => 'keep-alive',
  'host' => '192.168.98.10',
  'content-type' => '',
  'content-length' => '',
)
[ info ] [ PARAM ] array (
  'callback' => 'define',
  'controllername' => 'user',
  'v' => '1581479133',
)
[ info ] [ LANG ] /home/www/wwwroot/www.fa.com/public/../application/index/lang/zh-cn.php
[ info ] [ BEHAVIOR ] Run app\common\behavior\Common @module_init [ RunTime:0.001123s ]
[ info ] [ LANG ] /home/www/wwwroot/www.fa.com/public/../application/index/lang/zh-cn/ajax.php
[ info ] [ RUN ] app\index\controller\Ajax->lang[ /home/www/wwwroot/www.fa.com/application/index/controller/Ajax.php ]
[ info ] [ LANG ] /home/www/wwwroot/www.fa.com/public/../application/index/lang/zh-cn/user.php
[ info ] [ BEHAVIOR ] Run \addons\cms\Cms @response_send [ RunTime:0.000225s ]
[ info ] [ LOG ] INIT File
---------------------------------------------------------------
[ 2020-02-12T11:45:39+08:00 ] 192.168.98.1 POST 192.168.98.10/index/user/login.html
[运行时间：0.038995s] [吞吐率：25.64req/s] [内存消耗：3,726.41kb] [文件加载：131]
[ info ] [ BEHAVIOR ] Run Closure @app_init [ RunTime:0.000017s ]
[ info ] [ CACHE ] INIT File
[ info ] [ BEHAVIOR ] Run \addons\cms\Cms @app_init [ RunTime:0.001459s ]
[ info ] [ BEHAVIOR ] Run Closure @app_init [ RunTime:0.001476s ]
[ info ] [ LANG ] /home/www/wwwroot/www.fa.com/thinkphp/lang/zh-cn.php
[ info ] [ ROUTE ] array (
  'type' => 'module',
  'module' => 
  array (
    0 => 'index',
    1 => 'user',
    2 => 'login',
  ),
)
[ info ] [ HEADER ] array (
  'cookie' => 'PHPSESSID=j6gq13ltcg6ici4daou4sro6r4',
  'accept-language' => 'en-US,en;q=0.9,zh-CN;q=0.8,zh;q=0.7',
  'accept-encoding' => 'gzip, deflate',
  'referer' => 'http://192.168.98.10/index/user/login.html',
  'content-type' => 'application/x-www-form-urlencoded; charset=UTF-8',
  'user-agent' => 'Mozilla/5.0 (Windows NT 10.0; WOW64) AppleWebKit/537.36 (KHTML, like Gecko) Chrome/64.0.3269.3 Safari/537.36',
  'x-requested-with' => 'XMLHttpRequest',
  'origin' => 'http://192.168.98.10',
  'accept' => 'application/json, text/javascript, */*; q=0.01',
  'content-length' => '119',
  'connection' => 'keep-alive',
  'host' => '192.168.98.10',
)
[ info ] [ PARAM ] array (
  'url' => 'http://192.168.98.10/',
  '__token__' => 'bab5e62075a0c456ded8790706b52684',
  'account' => 'nikcy',
  'password' => '4551096',
  'keeplogin' => '1',
)
[ info ] [ LANG ] /home/www/wwwroot/www.fa.com/public/../application/index/lang/zh-cn.php
[ info ] [ BEHAVIOR ] Run app\common\behavior\Common @module_init [ RunTime:0.000904s ]
[ info ] [ LANG ] /home/www/wwwroot/www.fa.com/public/../application/index/lang/zh-cn/user.php
[ info ] [ RUN ] app\index\controller\User->login[ /home/www/wwwroot/www.fa.com/application/index/controller/User.php ]
[ info ] [ SESSION ] INIT array (
  'id' => '',
  'var_session_id' => '',
  'prefix' => 'think',
  'type' => '',
  'auto_start' => true,
)
[ info ] [ DB ] INIT mysql
[ info ] [ BEHAVIOR ] Run \addons\cms\Cms @response_send [ RunTime:0.000052s ]
[ info ] [ LOG ] INIT File
[ sql ] [ DB ] CONNECT:[ UseTime:0.000736s ] mysql:host=127.0.0.1;dbname=www_fa_com;charset=utf8
[ sql ] [ SQL ] SHOW COLUMNS FROM `fa_user` [ RunTime:0.000739s ]
[ sql ] [ SQL ] SELECT * FROM `fa_user` WHERE  `username` = 'nikcy' LIMIT 1 [ RunTime:0.000510s ]
---------------------------------------------------------------
[ 2020-02-12T11:45:43+08:00 ] 192.168.98.1 POST 192.168.98.10/index/user/login.html
[运行时间：0.037705s] [吞吐率：26.52req/s] [内存消耗：3,726.41kb] [文件加载：131]
[ info ] [ BEHAVIOR ] Run Closure @app_init [ RunTime:0.000016s ]
[ info ] [ CACHE ] INIT File
[ info ] [ BEHAVIOR ] Run \addons\cms\Cms @app_init [ RunTime:0.001940s ]
[ info ] [ BEHAVIOR ] Run Closure @app_init [ RunTime:0.001962s ]
[ info ] [ LANG ] /home/www/wwwroot/www.fa.com/thinkphp/lang/zh-cn.php
[ info ] [ ROUTE ] array (
  'type' => 'module',
  'module' => 
  array (
    0 => 'index',
    1 => 'user',
    2 => 'login',
  ),
)
[ info ] [ HEADER ] array (
  'cookie' => 'PHPSESSID=j6gq13ltcg6ici4daou4sro6r4',
  'accept-language' => 'en-US,en;q=0.9,zh-CN;q=0.8,zh;q=0.7',
  'accept-encoding' => 'gzip, deflate',
  'referer' => 'http://192.168.98.10/index/user/login.html',
  'content-type' => 'application/x-www-form-urlencoded; charset=UTF-8',
  'user-agent' => 'Mozilla/5.0 (Windows NT 10.0; WOW64) AppleWebKit/537.36 (KHTML, like Gecko) Chrome/64.0.3269.3 Safari/537.36',
  'x-requested-with' => 'XMLHttpRequest',
  'origin' => 'http://192.168.98.10',
  'accept' => 'application/json, text/javascript, */*; q=0.01',
  'content-length' => '118',
  'connection' => 'keep-alive',
  'host' => '192.168.98.10',
)
[ info ] [ PARAM ] array (
  'url' => 'http://192.168.98.10/',
  '__token__' => '2987400e6773524908924581198903f9',
  'account' => 'nikcy',
  'password' => '123456',
  'keeplogin' => '1',
)
[ info ] [ LANG ] /home/www/wwwroot/www.fa.com/public/../application/index/lang/zh-cn.php
[ info ] [ BEHAVIOR ] Run app\common\behavior\Common @module_init [ RunTime:0.000865s ]
[ info ] [ LANG ] /home/www/wwwroot/www.fa.com/public/../application/index/lang/zh-cn/user.php
[ info ] [ RUN ] app\index\controller\User->login[ /home/www/wwwroot/www.fa.com/application/index/controller/User.php ]
[ info ] [ SESSION ] INIT array (
  'id' => '',
  'var_session_id' => '',
  'prefix' => 'think',
  'type' => '',
  'auto_start' => true,
)
[ info ] [ DB ] INIT mysql
[ info ] [ BEHAVIOR ] Run \addons\cms\Cms @response_send [ RunTime:0.000060s ]
[ info ] [ LOG ] INIT File
[ sql ] [ DB ] CONNECT:[ UseTime:0.001158s ] mysql:host=127.0.0.1;dbname=www_fa_com;charset=utf8
[ sql ] [ SQL ] SHOW COLUMNS FROM `fa_user` [ RunTime:0.001621s ]
[ sql ] [ SQL ] SELECT * FROM `fa_user` WHERE  `username` = 'nikcy' LIMIT 1 [ RunTime:0.000610s ]
---------------------------------------------------------------
[ 2020-02-12T11:45:50+08:00 ] 192.168.98.1 POST 192.168.98.10/index/user/login.html
[运行时间：0.107326s] [吞吐率：9.32req/s] [内存消耗：3,769.77kb] [文件加载：136]
[ info ] [ BEHAVIOR ] Run Closure @app_init [ RunTime:0.000015s ]
[ info ] [ CACHE ] INIT File
[ info ] [ BEHAVIOR ] Run \addons\cms\Cms @app_init [ RunTime:0.001644s ]
[ info ] [ BEHAVIOR ] Run Closure @app_init [ RunTime:0.001665s ]
[ info ] [ LANG ] /home/www/wwwroot/www.fa.com/thinkphp/lang/zh-cn.php
[ info ] [ ROUTE ] array (
  'type' => 'module',
  'module' => 
  array (
    0 => 'index',
    1 => 'user',
    2 => 'login',
  ),
)
[ info ] [ HEADER ] array (
  'cookie' => 'PHPSESSID=j6gq13ltcg6ici4daou4sro6r4',
  'accept-language' => 'en-US,en;q=0.9,zh-CN;q=0.8,zh;q=0.7',
  'accept-encoding' => 'gzip, deflate',
  'referer' => 'http://192.168.98.10/index/user/login.html',
  'content-type' => 'application/x-www-form-urlencoded; charset=UTF-8',
  'user-agent' => 'Mozilla/5.0 (Windows NT 10.0; WOW64) AppleWebKit/537.36 (KHTML, like Gecko) Chrome/64.0.3269.3 Safari/537.36',
  'x-requested-with' => 'XMLHttpRequest',
  'origin' => 'http://192.168.98.10',
  'accept' => 'application/json, text/javascript, */*; q=0.01',
  'content-length' => '118',
  'connection' => 'keep-alive',
  'host' => '192.168.98.10',
)
[ info ] [ PARAM ] array (
  'url' => 'http://192.168.98.10/',
  '__token__' => 'c1cb3edd7ff8ef33b2ad1fde64488324',
  'account' => 'nicky',
  'password' => '123456',
  'keeplogin' => '1',
)
[ info ] [ LANG ] /home/www/wwwroot/www.fa.com/public/../application/index/lang/zh-cn.php
[ info ] [ BEHAVIOR ] Run app\common\behavior\Common @module_init [ RunTime:0.001048s ]
[ info ] [ LANG ] /home/www/wwwroot/www.fa.com/public/../application/index/lang/zh-cn/user.php
[ info ] [ RUN ] app\index\controller\User->login[ /home/www/wwwroot/www.fa.com/application/index/controller/User.php ]
[ info ] [ SESSION ] INIT array (
  'id' => '',
  'var_session_id' => '',
  'prefix' => 'think',
  'type' => '',
  'auto_start' => true,
)
[ info ] [ DB ] INIT mysql
[ info ] [ TOKEN ] INIT Mysql
[ info ] [ BEHAVIOR ] Run Closure @user_login_successed [ RunTime:0.000078s ]
[ info ] [ BEHAVIOR ] Run \addons\cms\Cms @response_send [ RunTime:0.000057s ]
[ info ] [ LOG ] INIT File
[ sql ] [ DB ] CONNECT:[ UseTime:0.000604s ] mysql:host=127.0.0.1;dbname=www_fa_com;charset=utf8
[ sql ] [ SQL ] SHOW COLUMNS FROM `fa_user` [ RunTime:0.000794s ]
[ sql ] [ SQL ] SELECT * FROM `fa_user` WHERE  `username` = 'nicky' LIMIT 1 [ RunTime:0.000587s ]
[ sql ] [ SQL ] SELECT * FROM `fa_user` WHERE  `id` = 2 LIMIT 1 [ RunTime:0.000483s ]
[ sql ] [ SQL ] UPDATE `fa_user`  SET `prevtime`=1581478914,`logintime`=1581479150,`updatetime`=1581479150  WHERE  `id` = 2 [ RunTime:0.000534s ]
[ sql ] [ SQL ] SHOW COLUMNS FROM `fa_user_token` [ RunTime:0.000695s ]
[ sql ] [ SQL ] INSERT INTO `fa_user_token` (`token` , `user_id` , `createtime` , `expiretime`) VALUES ('dd2d3149e67199e5aff95720cd5cbb92aad9bdd5' , 2 , 1581479150 , 1584071150) [ RunTime:0.000424s ]
---------------------------------------------------------------
[ 2020-02-12T11:45:52+08:00 ] 192.168.98.1 GET 192.168.98.10/
[运行时间：0.035595s] [吞吐率：28.09req/s] [内存消耗：3,706.31kb] [文件加载：133]
[ info ] [ BEHAVIOR ] Run Closure @app_init [ RunTime:0.000015s ]
[ info ] [ CACHE ] INIT File
[ info ] [ BEHAVIOR ] Run \addons\cms\Cms @app_init [ RunTime:0.001362s ]
[ info ] [ BEHAVIOR ] Run Closure @app_init [ RunTime:0.001380s ]
[ info ] [ LANG ] /home/www/wwwroot/www.fa.com/thinkphp/lang/zh-cn.php
[ info ] [ ROUTE ] array (
  'type' => 'module',
  'module' => 
  array (
    0 => '',
    1 => NULL,
    2 => NULL,
  ),
)
[ info ] [ HEADER ] array (
  'cookie' => 'PHPSESSID=j6gq13ltcg6ici4daou4sro6r4; uid=2; token=502ba6b0-9bfc-4266-ad92-7ccc491d649c',
  'accept-language' => 'en-US,en;q=0.9,zh-CN;q=0.8,zh;q=0.7',
  'accept-encoding' => 'gzip, deflate',
  'referer' => 'http://192.168.98.10/index/user/login.html',
  'accept' => 'text/html,application/xhtml+xml,application/xml;q=0.9,image/webp,image/apng,*/*;q=0.8',
  'user-agent' => 'Mozilla/5.0 (Windows NT 10.0; WOW64) AppleWebKit/537.36 (KHTML, like Gecko) Chrome/64.0.3269.3 Safari/537.36',
  'upgrade-insecure-requests' => '1',
  'connection' => 'keep-alive',
  'host' => '192.168.98.10',
  'content-type' => '',
  'content-length' => '',
)
[ info ] [ PARAM ] array (
)
[ info ] [ LANG ] /home/www/wwwroot/www.fa.com/public/../application/index/lang/zh-cn.php
[ info ] [ BEHAVIOR ] Run app\common\behavior\Common @module_init [ RunTime:0.000866s ]
[ info ] [ TOKEN ] INIT Mysql
[ info ] [ DB ] INIT mysql
[ info ] [ LANG ] /home/www/wwwroot/www.fa.com/public/../application/index/lang/zh-cn/index.php
[ info ] [ RUN ] app\index\controller\Index->index[ /home/www/wwwroot/www.fa.com/application/index/controller/Index.php ]
[ info ] [ VIEW ] /home/www/wwwroot/www.fa.com/public/../application/index/view/index/index.html [ array (
  0 => 'user',
  1 => 'site',
  2 => 'config',
) ]
[ info ] [ BEHAVIOR ] Run \addons\cms\Cms @response_send [ RunTime:0.000047s ]
[ info ] [ LOG ] INIT File
[ sql ] [ DB ] CONNECT:[ UseTime:0.000703s ] mysql:host=127.0.0.1;dbname=www_fa_com;charset=utf8
[ sql ] [ SQL ] SHOW COLUMNS FROM `fa_user_token` [ RunTime:0.000787s ]
[ sql ] [ SQL ] SELECT * FROM `fa_user_token` WHERE  `token` = 'dd2d3149e67199e5aff95720cd5cbb92aad9bdd5' LIMIT 1 [ RunTime:0.000559s ]
[ sql ] [ SQL ] SHOW COLUMNS FROM `fa_user` [ RunTime:0.000951s ]
[ sql ] [ SQL ] SELECT * FROM `fa_user` WHERE  `id` = 2 LIMIT 1 [ RunTime:0.000551s ]
---------------------------------------------------------------
[ 2020-02-12T11:45:55+08:00 ] 192.168.98.1 GET 192.168.98.10/index/user/index.html
[运行时间：0.040531s] [吞吐率：24.67req/s] [内存消耗：3,812.59kb] [文件加载：134]
[ info ] [ BEHAVIOR ] Run Closure @app_init [ RunTime:0.000085s ]
[ info ] [ CACHE ] INIT File
[ info ] [ BEHAVIOR ] Run \addons\cms\Cms @app_init [ RunTime:0.001445s ]
[ info ] [ BEHAVIOR ] Run Closure @app_init [ RunTime:0.001465s ]
[ info ] [ LANG ] /home/www/wwwroot/www.fa.com/thinkphp/lang/zh-cn.php
[ info ] [ ROUTE ] array (
  'type' => 'module',
  'module' => 
  array (
    0 => 'index',
    1 => 'user',
    2 => 'index',
  ),
)
[ info ] [ HEADER ] array (
  'cookie' => 'PHPSESSID=j6gq13ltcg6ici4daou4sro6r4; uid=2; token=502ba6b0-9bfc-4266-ad92-7ccc491d649c',
  'accept-language' => 'en-US,en;q=0.9,zh-CN;q=0.8,zh;q=0.7',
  'accept-encoding' => 'gzip, deflate',
  'referer' => 'http://192.168.98.10/',
  'accept' => 'text/html,application/xhtml+xml,application/xml;q=0.9,image/webp,image/apng,*/*;q=0.8',
  'user-agent' => 'Mozilla/5.0 (Windows NT 10.0; WOW64) AppleWebKit/537.36 (KHTML, like Gecko) Chrome/64.0.3269.3 Safari/537.36',
  'upgrade-insecure-requests' => '1',
  'connection' => 'keep-alive',
  'host' => '192.168.98.10',
  'content-type' => '',
  'content-length' => '',
)
[ info ] [ PARAM ] array (
)
[ info ] [ LANG ] /home/www/wwwroot/www.fa.com/public/../application/index/lang/zh-cn.php
[ info ] [ BEHAVIOR ] Run app\common\behavior\Common @module_init [ RunTime:0.000900s ]
[ info ] [ TOKEN ] INIT Mysql
[ info ] [ DB ] INIT mysql
[ info ] [ LANG ] /home/www/wwwroot/www.fa.com/public/../application/index/lang/zh-cn/user.php
[ info ] [ RUN ] app\index\controller\User->index[ /home/www/wwwroot/www.fa.com/application/index/controller/User.php ]
[ info ] [ VIEW ] /home/www/wwwroot/www.fa.com/public/../application/index/view/user/index.html [ array (
  0 => 'user',
  1 => 'site',
  2 => 'config',
  3 => 'title',
) ]
[ info ] [ VIEW ] /home/www/wwwroot/www.fa.com/addons/cms/view/hook/user_sidenav_after.html [ array (
  0 => 'actionname',
) ]
[ info ] [ BEHAVIOR ] Run \addons\cms\Cms @user_sidenav_after [ RunTime:0.000183s ]
[ info ] [ BEHAVIOR ] Run \addons\cms\Cms @response_send [ RunTime:0.000079s ]
[ info ] [ LOG ] INIT File
[ sql ] [ DB ] CONNECT:[ UseTime:0.000705s ] mysql:host=127.0.0.1;dbname=www_fa_com;charset=utf8
[ sql ] [ SQL ] SHOW COLUMNS FROM `fa_user_token` [ RunTime:0.000758s ]
[ sql ] [ SQL ] SELECT * FROM `fa_user_token` WHERE  `token` = 'dd2d3149e67199e5aff95720cd5cbb92aad9bdd5' LIMIT 1 [ RunTime:0.000501s ]
[ sql ] [ SQL ] SHOW COLUMNS FROM `fa_user` [ RunTime:0.001048s ]
[ sql ] [ SQL ] SELECT * FROM `fa_user` WHERE  `id` = 2 LIMIT 1 [ RunTime:0.000842s ]
---------------------------------------------------------------
[ 2020-02-12T11:45:56+08:00 ] 192.168.98.1 GET 192.168.98.10/index/ajax/lang?callback=define&controllername=user&v=1581479155
[运行时间：0.036915s] [吞吐率：27.09req/s] [内存消耗：3,715.93kb] [文件加载：134]
[ info ] [ BEHAVIOR ] Run Closure @app_init [ RunTime:0.000019s ]
[ info ] [ CACHE ] INIT File
[ info ] [ BEHAVIOR ] Run \addons\cms\Cms @app_init [ RunTime:0.001641s ]
[ info ] [ BEHAVIOR ] Run Closure @app_init [ RunTime:0.001661s ]
[ info ] [ LANG ] /home/www/wwwroot/www.fa.com/thinkphp/lang/zh-cn.php
[ info ] [ ROUTE ] array (
  'type' => 'module',
  'module' => 
  array (
    0 => 'index',
    1 => 'ajax',
    2 => 'lang',
  ),
)
[ info ] [ HEADER ] array (
  'cookie' => 'PHPSESSID=j6gq13ltcg6ici4daou4sro6r4; uid=2; token=502ba6b0-9bfc-4266-ad92-7ccc491d649c',
  'accept-language' => 'en-US,en;q=0.9,zh-CN;q=0.8,zh;q=0.7',
  'accept-encoding' => 'gzip, deflate',
  'referer' => 'http://192.168.98.10/index/user/index.html',
  'accept' => '*/*',
  'user-agent' => 'Mozilla/5.0 (Windows NT 10.0; WOW64) AppleWebKit/537.36 (KHTML, like Gecko) Chrome/64.0.3269.3 Safari/537.36',
  'connection' => 'keep-alive',
  'host' => '192.168.98.10',
  'content-type' => '',
  'content-length' => '',
)
[ info ] [ PARAM ] array (
  'callback' => 'define',
  'controllername' => 'user',
  'v' => '1581479155',
)
[ info ] [ LANG ] /home/www/wwwroot/www.fa.com/public/../application/index/lang/zh-cn.php
[ info ] [ BEHAVIOR ] Run app\common\behavior\Common @module_init [ RunTime:0.001040s ]
[ info ] [ TOKEN ] INIT Mysql
[ info ] [ DB ] INIT mysql
[ info ] [ LANG ] /home/www/wwwroot/www.fa.com/public/../application/index/lang/zh-cn/ajax.php
[ info ] [ RUN ] app\index\controller\Ajax->lang[ /home/www/wwwroot/www.fa.com/application/index/controller/Ajax.php ]
[ info ] [ LANG ] /home/www/wwwroot/www.fa.com/public/../application/index/lang/zh-cn/user.php
[ info ] [ BEHAVIOR ] Run \addons\cms\Cms @response_send [ RunTime:0.000157s ]
[ info ] [ LOG ] INIT File
[ sql ] [ DB ] CONNECT:[ UseTime:0.000681s ] mysql:host=127.0.0.1;dbname=www_fa_com;charset=utf8
[ sql ] [ SQL ] SHOW COLUMNS FROM `fa_user_token` [ RunTime:0.000761s ]
[ sql ] [ SQL ] SELECT * FROM `fa_user_token` WHERE  `token` = 'dd2d3149e67199e5aff95720cd5cbb92aad9bdd5' LIMIT 1 [ RunTime:0.000498s ]
[ sql ] [ SQL ] SHOW COLUMNS FROM `fa_user` [ RunTime:0.000960s ]
[ sql ] [ SQL ] SELECT * FROM `fa_user` WHERE  `id` = 2 LIMIT 1 [ RunTime:0.000579s ]
---------------------------------------------------------------
[ 2020-02-12T16:21:55+08:00 ] 192.168.0.110 GET 192.168.0.110:25080/
[运行时间：0.459251s] [吞吐率：2.18req/s] [内存消耗：2,880.16kb] [文件加载：123]
[ info ] [ BEHAVIOR ] Run Closure @app_init [ RunTime:0.001530s ]
[ info ] [ CACHE ] INIT File
[ info ] [ BEHAVIOR ] Run \addons\cms\Cms @app_init [ RunTime:0.029091s ]
[ info ] [ BEHAVIOR ] Run Closure @app_init [ RunTime:0.029118s ]
[ info ] [ LANG ] /home/www/wwwroot/www.fa.com/thinkphp/lang/zh-cn.php
[ info ] [ ROUTE ] array (
  'type' => 'module',
  'module' => 
  array (
    0 => '',
    1 => NULL,
    2 => NULL,
  ),
)
[ info ] [ HEADER ] array (
  'upgrade-insecure-requests' => '1',
  'connection' => 'keep-alive',
  'accept-language' => 'en-US,en;q=0.9,zh-CN;q=0.8,zh;q=0.7',
  'accept-encoding' => 'gzip, deflate',
  'accept' => 'text/html,application/xhtml+xml,application/xml;q=0.9,image/webp,image/apng,*/*;q=0.8',
  'user-agent' => 'Mozilla/5.0 (Windows NT 10.0; WOW64) AppleWebKit/537.36 (KHTML, like Gecko) Chrome/64.0.3269.3 Safari/537.36',
  'host' => '192.168.0.110:25080',
  'content-type' => '',
  'content-length' => '',
)
[ info ] [ PARAM ] array (
)
[ info ] [ LANG ] /home/www/wwwroot/www.fa.com/public/../application/index/lang/zh-cn.php
[ info ] [ BEHAVIOR ] Run app\common\behavior\Common @module_init [ RunTime:0.020992s ]
[ info ] [ LANG ] /home/www/wwwroot/www.fa.com/public/../application/index/lang/zh-cn/index.php
[ info ] [ RUN ] app\index\controller\Index->index[ /home/www/wwwroot/www.fa.com/application/index/controller/Index.php ]
[ info ] [ VIEW ] /home/www/wwwroot/www.fa.com/public/../application/index/view/index/index.html [ array (
  0 => 'user',
  1 => 'site',
  2 => 'config',
) ]
[ info ] [ BEHAVIOR ] Run \addons\cms\Cms @response_send [ RunTime:0.000160s ]
[ info ] [ LOG ] INIT File
---------------------------------------------------------------
[ 2020-02-12T16:21:55+08:00 ] 192.168.0.110 GET 192.168.0.110:25080/favicon.ico
[运行时间：0.083944s] [吞吐率：11.91req/s] [内存消耗：2,216.40kb] [文件加载：112]
[ info ] [ BEHAVIOR ] Run Closure @app_init [ RunTime:0.000169s ]
[ info ] [ CACHE ] INIT File
[ info ] [ BEHAVIOR ] Run \addons\cms\Cms @app_init [ RunTime:0.001847s ]
[ info ] [ BEHAVIOR ] Run Closure @app_init [ RunTime:0.001876s ]
[ info ] [ LANG ] /home/www/wwwroot/www.fa.com/thinkphp/lang/zh-cn.php
[ info ] [ ROUTE ] array (
  'type' => 'module',
  'module' => 
  array (
    0 => 'favicon.ico',
    1 => NULL,
    2 => NULL,
  ),
)
[ info ] [ HEADER ] array (
  'referer' => 'http://192.168.0.110:25080/',
  'connection' => 'keep-alive',
  'accept-language' => 'en-US,en;q=0.9,zh-CN;q=0.8,zh;q=0.7',
  'accept-encoding' => 'gzip, deflate',
  'accept' => 'image/webp,image/apng,image/*,*/*;q=0.8',
  'user-agent' => 'Mozilla/5.0 (Windows NT 10.0; WOW64) AppleWebKit/537.36 (KHTML, like Gecko) Chrome/64.0.3269.3 Safari/537.36',
  'host' => '192.168.0.110:25080',
  'content-type' => '',
  'content-length' => '',
)
[ info ] [ PARAM ] array (
)
[ info ] [ BEHAVIOR ] Run \addons\cms\Cms @response_send [ RunTime:0.000180s ]
[ info ] [ LOG ] INIT File
---------------------------------------------------------------
[ 2020-02-12T16:21:55+08:00 ] 192.168.0.110 GET 192.168.0.110:25080/favicon.ico
[运行时间：0.023503s] [吞吐率：42.55req/s] [内存消耗：2,216.43kb] [文件加载：112]
[ info ] [ BEHAVIOR ] Run Closure @app_init [ RunTime:0.000132s ]
[ info ] [ CACHE ] INIT File
[ info ] [ BEHAVIOR ] Run \addons\cms\Cms @app_init [ RunTime:0.001674s ]
[ info ] [ BEHAVIOR ] Run Closure @app_init [ RunTime:0.001693s ]
[ info ] [ LANG ] /home/www/wwwroot/www.fa.com/thinkphp/lang/zh-cn.php
[ info ] [ ROUTE ] array (
  'type' => 'module',
  'module' => 
  array (
    0 => '404',
    1 => NULL,
    2 => NULL,
  ),
)
[ info ] [ HEADER ] array (
  'referer' => 'http://192.168.0.110:25080/',
  'connection' => 'keep-alive',
  'accept-language' => 'en-US,en;q=0.9,zh-CN;q=0.8,zh;q=0.7',
  'accept-encoding' => 'gzip, deflate',
  'accept' => 'image/webp,image/apng,image/*,*/*;q=0.8',
  'user-agent' => 'Mozilla/5.0 (Windows NT 10.0; WOW64) AppleWebKit/537.36 (KHTML, like Gecko) Chrome/64.0.3269.3 Safari/537.36',
  'host' => '192.168.0.110:25080',
  'content-type' => '',
  'content-length' => '',
)
[ info ] [ PARAM ] array (
)
[ info ] [ BEHAVIOR ] Run \addons\cms\Cms @response_send [ RunTime:0.000119s ]
[ info ] [ LOG ] INIT File
---------------------------------------------------------------
[ 2020-02-12T16:29:44+08:00 ] 192.168.0.101 GET 192.168.0.110:25080/
[运行时间：0.023336s] [吞吐率：42.85req/s] [内存消耗：2,880.20kb] [文件加载：123]
[ info ] [ BEHAVIOR ] Run Closure @app_init [ RunTime:0.000155s ]
[ info ] [ CACHE ] INIT File
[ info ] [ BEHAVIOR ] Run \addons\cms\Cms @app_init [ RunTime:0.001488s ]
[ info ] [ BEHAVIOR ] Run Closure @app_init [ RunTime:0.001507s ]
[ info ] [ LANG ] /home/www/wwwroot/www.fa.com/thinkphp/lang/zh-cn.php
[ info ] [ ROUTE ] array (
  'type' => 'module',
  'module' => 
  array (
    0 => '',
    1 => NULL,
    2 => NULL,
  ),
)
[ info ] [ HEADER ] array (
  'accept-language' => 'en-US,en;q=0.9,zh-CN;q=0.8,zh;q=0.7',
  'accept-encoding' => 'gzip, deflate',
  'accept' => 'text/html,application/xhtml+xml,application/xml;q=0.9,image/webp,image/apng,*/*;q=0.8',
  'upgrade-insecure-requests' => '1',
  'user-agent' => 'Mozilla/5.0 (Windows NT 10.0; WOW64) AppleWebKit/537.36 (KHTML, like Gecko) Chrome/64.0.3269.3 Safari/537.36',
  'cache-control' => 'max-age=0',
  'connection' => 'keep-alive',
  'host' => '192.168.0.110:25080',
  'content-type' => '',
  'content-length' => '',
)
[ info ] [ PARAM ] array (
)
[ info ] [ LANG ] /home/www/wwwroot/www.fa.com/public/../application/index/lang/zh-cn.php
[ info ] [ BEHAVIOR ] Run app\common\behavior\Common @module_init [ RunTime:0.001023s ]
[ info ] [ LANG ] /home/www/wwwroot/www.fa.com/public/../application/index/lang/zh-cn/index.php
[ info ] [ RUN ] app\index\controller\Index->index[ /home/www/wwwroot/www.fa.com/application/index/controller/Index.php ]
[ info ] [ VIEW ] /home/www/wwwroot/www.fa.com/public/../application/index/view/index/index.html [ array (
  0 => 'user',
  1 => 'site',
  2 => 'config',
) ]
[ info ] [ BEHAVIOR ] Run \addons\cms\Cms @response_send [ RunTime:0.000108s ]
[ info ] [ LOG ] INIT File
---------------------------------------------------------------
[ 2020-02-12T16:29:45+08:00 ] 192.168.0.101 GET 192.168.0.110:25080/favicon.ico
[运行时间：0.018248s] [吞吐率：54.80req/s] [内存消耗：2,216.72kb] [文件加载：112]
[ info ] [ BEHAVIOR ] Run Closure @app_init [ RunTime:0.000145s ]
[ info ] [ CACHE ] INIT File
[ info ] [ BEHAVIOR ] Run \addons\cms\Cms @app_init [ RunTime:0.001529s ]
[ info ] [ BEHAVIOR ] Run Closure @app_init [ RunTime:0.001547s ]
[ info ] [ LANG ] /home/www/wwwroot/www.fa.com/thinkphp/lang/zh-cn.php
[ info ] [ ROUTE ] array (
  'type' => 'module',
  'module' => 
  array (
    0 => 'favicon.ico',
    1 => NULL,
    2 => NULL,
  ),
)
[ info ] [ HEADER ] array (
  'accept-language' => 'en-US,en;q=0.9,zh-CN;q=0.8,zh;q=0.7',
  'accept-encoding' => 'gzip, deflate',
  'referer' => 'http://192.168.0.110:25080/',
  'accept' => 'image/webp,image/apng,image/*,*/*;q=0.8',
  'user-agent' => 'Mozilla/5.0 (Windows NT 10.0; WOW64) AppleWebKit/537.36 (KHTML, like Gecko) Chrome/64.0.3269.3 Safari/537.36',
  'cache-control' => 'no-cache',
  'pragma' => 'no-cache',
  'connection' => 'keep-alive',
  'host' => '192.168.0.110:25080',
  'content-type' => '',
  'content-length' => '',
)
[ info ] [ PARAM ] array (
)
[ info ] [ BEHAVIOR ] Run \addons\cms\Cms @response_send [ RunTime:0.000109s ]
[ info ] [ LOG ] INIT File
---------------------------------------------------------------
[ 2020-02-12T16:29:45+08:00 ] 192.168.0.101 GET 192.168.0.110:25080/favicon.ico
[运行时间：0.017962s] [吞吐率：55.67req/s] [内存消耗：2,216.75kb] [文件加载：112]
[ info ] [ BEHAVIOR ] Run Closure @app_init [ RunTime:0.000017s ]
[ info ] [ CACHE ] INIT File
[ info ] [ BEHAVIOR ] Run \addons\cms\Cms @app_init [ RunTime:0.001952s ]
[ info ] [ BEHAVIOR ] Run Closure @app_init [ RunTime:0.001975s ]
[ info ] [ LANG ] /home/www/wwwroot/www.fa.com/thinkphp/lang/zh-cn.php
[ info ] [ ROUTE ] array (
  'type' => 'module',
  'module' => 
  array (
    0 => '404',
    1 => NULL,
    2 => NULL,
  ),
)
[ info ] [ HEADER ] array (
  'accept-language' => 'en-US,en;q=0.9,zh-CN;q=0.8,zh;q=0.7',
  'accept-encoding' => 'gzip, deflate',
  'referer' => 'http://192.168.0.110:25080/',
  'accept' => 'image/webp,image/apng,image/*,*/*;q=0.8',
  'user-agent' => 'Mozilla/5.0 (Windows NT 10.0; WOW64) AppleWebKit/537.36 (KHTML, like Gecko) Chrome/64.0.3269.3 Safari/537.36',
  'cache-control' => 'no-cache',
  'pragma' => 'no-cache',
  'connection' => 'keep-alive',
  'host' => '192.168.0.110:25080',
  'content-type' => '',
  'content-length' => '',
)
[ info ] [ PARAM ] array (
)
[ info ] [ BEHAVIOR ] Run \addons\cms\Cms @response_send [ RunTime:0.000047s ]
[ info ] [ LOG ] INIT File
