---------------------------------------------------------------
[ 2020-02-20T17:38:00+08:00 ] 192.168.98.1 GET 192.168.98.10/
[运行时间：5.834826s] [吞吐率：0.17req/s] [内存消耗：2,881.09kb] [文件加载：123]
[ info ] [ BEHAVIOR ] Run Closure @app_init [ RunTime:0.129887s ]
[ info ] [ CACHE ] INIT File
[ info ] [ BEHAVIOR ] Run \addons\cms\Cms @app_init [ RunTime:0.217275s ]
[ info ] [ BEHAVIOR ] Run Closure @app_init [ RunTime:0.217298s ]
[ info ] [ LANG ] /home/www/wwwroot/www.fa.com/thinkphp/lang/zh-cn.php
[ info ] [ ROUTE ] array (
  'type' => 'module',
  'module' => 
  array (
    0 => '',
    1 => NULL,
    2 => NULL,
  ),
)
[ info ] [ HEADER ] array (
  'cookie' => 'serverType=nginx; order=id%20desc; memSize=1819; conterError=; backup_path=/home/www/backup; uploadSize=1073741824; rank=a; BT_PANEL=1a4d9cf22a7ed6ac46d753bb9e14bc883db86e44; memRealUsed=626; mem-before=626/1819%20%28MB%29; five=0.07; fifteen=0.05; one=0.13; upNet=0.22; downNet=0.33; Path=/www/server/redis; vcodesum=14; SetId=inputPath; SetName=; ChangePath=34',
  'accept-language' => 'en-US,en;q=0.9,zh-CN;q=0.8,zh;q=0.7',
  'accept-encoding' => 'gzip, deflate',
  'accept' => 'text/html,application/xhtml+xml,application/xml;q=0.9,image/webp,image/apng,*/*;q=0.8',
  'upgrade-insecure-requests' => '1',
  'user-agent' => 'Mozilla/5.0 (Windows NT 10.0; WOW64) AppleWebKit/537.36 (KHTML, like Gecko) Chrome/64.0.3269.3 Safari/537.36',
  'cache-control' => 'max-age=0',
  'connection' => 'keep-alive',
  'host' => '192.168.98.10',
  'content-type' => '',
  'content-length' => '',
)
[ info ] [ PARAM ] array (
)
[ info ] [ LANG ] /home/www/wwwroot/www.fa.com/public/../application/index/lang/zh-cn.php
[ info ] [ BEHAVIOR ] Run app\common\behavior\Common @module_init [ RunTime:0.282408s ]
[ info ] [ LANG ] /home/www/wwwroot/www.fa.com/public/../application/index/lang/zh-cn/index.php
[ info ] [ RUN ] app\index\controller\Index->index[ /home/www/wwwroot/www.fa.com/application/index/controller/Index.php ]
[ info ] [ VIEW ] /home/www/wwwroot/www.fa.com/public/../application/index/view/index/index.html [ array (
  0 => 'user',
  1 => 'site',
  2 => 'config',
) ]
[ info ] [ BEHAVIOR ] Run \addons\cms\Cms @response_send [ RunTime:0.000172s ]
[ info ] [ LOG ] INIT File
---------------------------------------------------------------
[ 2020-02-20T17:38:00+08:00 ] 192.168.98.1 GET 192.168.98.10/
[运行时间：6.614213s] [吞吐率：0.15req/s] [内存消耗：2,881.09kb] [文件加载：123]
[ info ] [ BEHAVIOR ] Run Closure @app_init [ RunTime:0.150408s ]
[ info ] [ CACHE ] INIT File
[ info ] [ BEHAVIOR ] Run \addons\cms\Cms @app_init [ RunTime:0.154144s ]
[ info ] [ BEHAVIOR ] Run Closure @app_init [ RunTime:0.154171s ]
[ info ] [ LANG ] /home/www/wwwroot/www.fa.com/thinkphp/lang/zh-cn.php
[ info ] [ ROUTE ] array (
  'type' => 'module',
  'module' => 
  array (
    0 => '',
    1 => NULL,
    2 => NULL,
  ),
)
[ info ] [ HEADER ] array (
  'cookie' => 'serverType=nginx; order=id%20desc; memSize=1819; conterError=; backup_path=/home/www/backup; uploadSize=1073741824; rank=a; BT_PANEL=1a4d9cf22a7ed6ac46d753bb9e14bc883db86e44; memRealUsed=626; mem-before=626/1819%20%28MB%29; five=0.07; fifteen=0.05; one=0.13; upNet=0.22; downNet=0.33; Path=/www/server/redis; vcodesum=14; SetId=inputPath; SetName=; ChangePath=34',
  'accept-language' => 'en-US,en;q=0.9,zh-CN;q=0.8,zh;q=0.7',
  'accept-encoding' => 'gzip, deflate',
  'accept' => 'text/html,application/xhtml+xml,application/xml;q=0.9,image/webp,image/apng,*/*;q=0.8',
  'upgrade-insecure-requests' => '1',
  'user-agent' => 'Mozilla/5.0 (Windows NT 10.0; WOW64) AppleWebKit/537.36 (KHTML, like Gecko) Chrome/64.0.3269.3 Safari/537.36',
  'cache-control' => 'max-age=0',
  'connection' => 'keep-alive',
  'host' => '192.168.98.10',
  'content-type' => '',
  'content-length' => '',
)
[ info ] [ PARAM ] array (
)
[ info ] [ LANG ] /home/www/wwwroot/www.fa.com/public/../application/index/lang/zh-cn.php
[ info ] [ BEHAVIOR ] Run app\common\behavior\Common @module_init [ RunTime:0.168124s ]
[ info ] [ LANG ] /home/www/wwwroot/www.fa.com/public/../application/index/lang/zh-cn/index.php
[ info ] [ RUN ] app\index\controller\Index->index[ /home/www/wwwroot/www.fa.com/application/index/controller/Index.php ]
[ info ] [ VIEW ] /home/www/wwwroot/www.fa.com/public/../application/index/view/index/index.html [ array (
  0 => 'user',
  1 => 'site',
  2 => 'config',
) ]
[ info ] [ BEHAVIOR ] Run \addons\cms\Cms @response_send [ RunTime:0.000105s ]
[ info ] [ LOG ] INIT File
---------------------------------------------------------------
[ 2020-02-20T17:38:00+08:00 ] 192.168.98.1 GET 192.168.98.10/
[运行时间：51.731077s] [吞吐率：0.02req/s] [内存消耗：2,881.13kb] [文件加载：123]
[ info ] [ BEHAVIOR ] Run Closure @app_init [ RunTime:0.275876s ]
[ info ] [ CACHE ] INIT File
[ info ] [ BEHAVIOR ] Run \addons\cms\Cms @app_init [ RunTime:0.178920s ]
[ info ] [ BEHAVIOR ] Run Closure @app_init [ RunTime:0.178998s ]
[ info ] [ LANG ] /home/www/wwwroot/www.fa.com/thinkphp/lang/zh-cn.php
[ info ] [ ROUTE ] array (
  'type' => 'module',
  'module' => 
  array (
    0 => '',
    1 => NULL,
    2 => NULL,
  ),
)
[ info ] [ HEADER ] array (
  'cookie' => 'serverType=nginx; order=id%20desc; memSize=1819; conterError=; backup_path=/home/www/backup; uploadSize=1073741824; rank=a; BT_PANEL=1a4d9cf22a7ed6ac46d753bb9e14bc883db86e44; memRealUsed=626; mem-before=626/1819%20%28MB%29; five=0.07; fifteen=0.05; one=0.13; upNet=0.22; downNet=0.33; Path=/www/server/redis; vcodesum=14; SetId=inputPath; SetName=; ChangePath=34',
  'accept-language' => 'en-US,en;q=0.9,zh-CN;q=0.8,zh;q=0.7',
  'accept-encoding' => 'gzip, deflate',
  'accept' => 'text/html,application/xhtml+xml,application/xml;q=0.9,image/webp,image/apng,*/*;q=0.8',
  'upgrade-insecure-requests' => '1',
  'user-agent' => 'Mozilla/5.0 (Windows NT 10.0; WOW64) AppleWebKit/537.36 (KHTML, like Gecko) Chrome/64.0.3269.3 Safari/537.36',
  'cache-control' => 'no-cache',
  'pragma' => 'no-cache',
  'connection' => 'keep-alive',
  'host' => '192.168.98.10',
  'content-type' => '',
  'content-length' => '',
)
[ info ] [ PARAM ] array (
)
[ info ] [ LANG ] /home/www/wwwroot/www.fa.com/public/../application/index/lang/zh-cn.php
[ info ] [ BEHAVIOR ] Run app\common\behavior\Common @module_init [ RunTime:0.225957s ]
[ info ] [ LANG ] /home/www/wwwroot/www.fa.com/public/../application/index/lang/zh-cn/index.php
[ info ] [ RUN ] app\index\controller\Index->index[ /home/www/wwwroot/www.fa.com/application/index/controller/Index.php ]
[ info ] [ VIEW ] /home/www/wwwroot/www.fa.com/public/../application/index/view/index/index.html [ array (
  0 => 'user',
  1 => 'site',
  2 => 'config',
) ]
[ info ] [ BEHAVIOR ] Run \addons\cms\Cms @response_send [ RunTime:0.000188s ]
[ info ] [ LOG ] INIT File
